{"/Users/joelstevick/crossfire/frontend/src/bot.ts": {"path":"/Users/joelstevick/crossfire/frontend/src/bot.ts","all":false,"statementMap":{"0":{"start":{"line":1,"column":0},"end":{"line":1,"column":31}},"1":{"start":{"line":2,"column":0},"end":{"line":2,"column":45}},"2":{"start":{"line":3,"column":0},"end":{"line":3,"column":87}},"3":{"start":{"line":4,"column":0},"end":{"line":4,"column":71}},"4":{"start":{"line":5,"column":0},"end":{"line":5,"column":0}},"5":{"start":{"line":6,"column":0},"end":{"line":6,"column":23}},"6":{"start":{"line":7,"column":0},"end":{"line":7,"column":15}},"7":{"start":{"line":8,"column":0},"end":{"line":8,"column":17}},"8":{"start":{"line":9,"column":0},"end":{"line":9,"column":1}},"9":{"start":{"line":10,"column":0},"end":{"line":10,"column":0}},"10":{"start":{"line":11,"column":0},"end":{"line":11,"column":24}},"11":{"start":{"line":12,"column":0},"end":{"line":12,"column":15}},"12":{"start":{"line":13,"column":0},"end":{"line":13,"column":17}},"13":{"start":{"line":14,"column":0},"end":{"line":14,"column":17}},"14":{"start":{"line":15,"column":0},"end":{"line":15,"column":17}},"15":{"start":{"line":16,"column":0},"end":{"line":16,"column":19}},"16":{"start":{"line":17,"column":0},"end":{"line":17,"column":42}},"17":{"start":{"line":18,"column":0},"end":{"line":18,"column":1}},"18":{"start":{"line":19,"column":0},"end":{"line":19,"column":0}},"19":{"start":{"line":20,"column":0},"end":{"line":20,"column":24}},"20":{"start":{"line":21,"column":0},"end":{"line":21,"column":15}},"21":{"start":{"line":22,"column":0},"end":{"line":22,"column":15}},"22":{"start":{"line":23,"column":0},"end":{"line":23,"column":20}},"23":{"start":{"line":24,"column":0},"end":{"line":24,"column":25}},"24":{"start":{"line":25,"column":0},"end":{"line":25,"column":1}},"25":{"start":{"line":26,"column":0},"end":{"line":26,"column":0}},"26":{"start":{"line":27,"column":0},"end":{"line":27,"column":20}},"27":{"start":{"line":28,"column":0},"end":{"line":28,"column":17}},"28":{"start":{"line":29,"column":0},"end":{"line":29,"column":24}},"29":{"start":{"line":30,"column":0},"end":{"line":30,"column":26}},"30":{"start":{"line":31,"column":0},"end":{"line":31,"column":1}},"31":{"start":{"line":32,"column":0},"end":{"line":32,"column":0}},"32":{"start":{"line":33,"column":0},"end":{"line":33,"column":20}},"33":{"start":{"line":34,"column":0},"end":{"line":34,"column":16}},"34":{"start":{"line":35,"column":0},"end":{"line":35,"column":17}},"35":{"start":{"line":36,"column":0},"end":{"line":36,"column":31}},"36":{"start":{"line":37,"column":0},"end":{"line":37,"column":25}},"37":{"start":{"line":38,"column":0},"end":{"line":38,"column":1}},"38":{"start":{"line":39,"column":0},"end":{"line":39,"column":0}},"39":{"start":{"line":40,"column":0},"end":{"line":40,"column":25}},"40":{"start":{"line":41,"column":0},"end":{"line":41,"column":15}},"41":{"start":{"line":42,"column":0},"end":{"line":42,"column":19}},"42":{"start":{"line":43,"column":0},"end":{"line":43,"column":19}},"43":{"start":{"line":44,"column":0},"end":{"line":44,"column":31}},"44":{"start":{"line":45,"column":0},"end":{"line":45,"column":16}},"45":{"start":{"line":46,"column":0},"end":{"line":46,"column":1}},"46":{"start":{"line":47,"column":0},"end":{"line":47,"column":0}},"47":{"start":{"line":48,"column":0},"end":{"line":48,"column":31}},"48":{"start":{"line":49,"column":0},"end":{"line":49,"column":47}},"49":{"start":{"line":50,"column":0},"end":{"line":50,"column":16}},"50":{"start":{"line":51,"column":0},"end":{"line":51,"column":18}},"51":{"start":{"line":52,"column":0},"end":{"line":52,"column":19}},"52":{"start":{"line":53,"column":0},"end":{"line":53,"column":21}},"53":{"start":{"line":54,"column":0},"end":{"line":54,"column":52}},"54":{"start":{"line":55,"column":0},"end":{"line":55,"column":32}},"55":{"start":{"line":56,"column":0},"end":{"line":56,"column":34}},"56":{"start":{"line":57,"column":0},"end":{"line":57,"column":44}},"57":{"start":{"line":58,"column":0},"end":{"line":58,"column":49}},"58":{"start":{"line":59,"column":0},"end":{"line":59,"column":49}},"59":{"start":{"line":60,"column":0},"end":{"line":60,"column":27}},"60":{"start":{"line":61,"column":0},"end":{"line":61,"column":41}},"61":{"start":{"line":62,"column":0},"end":{"line":62,"column":22}},"62":{"start":{"line":63,"column":0},"end":{"line":63,"column":11}},"63":{"start":{"line":64,"column":0},"end":{"line":64,"column":25}},"64":{"start":{"line":65,"column":0},"end":{"line":65,"column":30}},"65":{"start":{"line":66,"column":0},"end":{"line":66,"column":27}},"66":{"start":{"line":67,"column":0},"end":{"line":67,"column":10}},"67":{"start":{"line":68,"column":0},"end":{"line":68,"column":20}},"68":{"start":{"line":69,"column":0},"end":{"line":69,"column":19}},"69":{"start":{"line":70,"column":0},"end":{"line":70,"column":12}},"70":{"start":{"line":71,"column":0},"end":{"line":71,"column":28}},"71":{"start":{"line":72,"column":0},"end":{"line":72,"column":1}},"72":{"start":{"line":73,"column":0},"end":{"line":73,"column":0}},"73":{"start":{"line":74,"column":0},"end":{"line":74,"column":56}},"74":{"start":{"line":75,"column":0},"end":{"line":75,"column":56}},"75":{"start":{"line":76,"column":0},"end":{"line":76,"column":0}},"76":{"start":{"line":77,"column":0},"end":{"line":77,"column":60}},"77":{"start":{"line":78,"column":0},"end":{"line":78,"column":20}},"78":{"start":{"line":79,"column":0},"end":{"line":79,"column":23}},"79":{"start":{"line":80,"column":0},"end":{"line":80,"column":0}},"80":{"start":{"line":81,"column":0},"end":{"line":81,"column":30}},"81":{"start":{"line":82,"column":0},"end":{"line":82,"column":35}},"82":{"start":{"line":83,"column":0},"end":{"line":83,"column":3}},"83":{"start":{"line":84,"column":0},"end":{"line":84,"column":0}},"84":{"start":{"line":85,"column":0},"end":{"line":85,"column":18}},"85":{"start":{"line":86,"column":0},"end":{"line":86,"column":62}},"86":{"start":{"line":87,"column":0},"end":{"line":87,"column":34}},"87":{"start":{"line":88,"column":0},"end":{"line":88,"column":3}},"88":{"start":{"line":89,"column":0},"end":{"line":89,"column":0}},"89":{"start":{"line":90,"column":0},"end":{"line":90,"column":45}},"90":{"start":{"line":91,"column":0},"end":{"line":91,"column":59}},"91":{"start":{"line":92,"column":0},"end":{"line":92,"column":3}},"92":{"start":{"line":93,"column":0},"end":{"line":93,"column":0}},"93":{"start":{"line":94,"column":0},"end":{"line":94,"column":31}},"94":{"start":{"line":95,"column":0},"end":{"line":95,"column":32}},"95":{"start":{"line":96,"column":0},"end":{"line":96,"column":51}},"96":{"start":{"line":97,"column":0},"end":{"line":97,"column":50}},"97":{"start":{"line":98,"column":0},"end":{"line":98,"column":62}},"98":{"start":{"line":99,"column":0},"end":{"line":99,"column":5}},"99":{"start":{"line":100,"column":0},"end":{"line":100,"column":20}},"100":{"start":{"line":101,"column":0},"end":{"line":101,"column":3}},"101":{"start":{"line":102,"column":0},"end":{"line":102,"column":1}},"102":{"start":{"line":103,"column":0},"end":{"line":103,"column":0}},"103":{"start":{"line":104,"column":0},"end":{"line":104,"column":22}},"104":{"start":{"line":105,"column":0},"end":{"line":105,"column":30}},"105":{"start":{"line":106,"column":0},"end":{"line":106,"column":61}},"106":{"start":{"line":107,"column":0},"end":{"line":107,"column":53}},"107":{"start":{"line":108,"column":0},"end":{"line":108,"column":28}},"108":{"start":{"line":109,"column":0},"end":{"line":109,"column":29}},"109":{"start":{"line":110,"column":0},"end":{"line":110,"column":49}},"110":{"start":{"line":111,"column":0},"end":{"line":111,"column":38}},"111":{"start":{"line":112,"column":0},"end":{"line":112,"column":0}},"112":{"start":{"line":113,"column":0},"end":{"line":113,"column":61}},"113":{"start":{"line":114,"column":0},"end":{"line":114,"column":29}},"114":{"start":{"line":115,"column":0},"end":{"line":115,"column":34}},"115":{"start":{"line":116,"column":0},"end":{"line":116,"column":43}},"116":{"start":{"line":117,"column":0},"end":{"line":117,"column":3}},"117":{"start":{"line":118,"column":0},"end":{"line":118,"column":0}},"118":{"start":{"line":119,"column":0},"end":{"line":119,"column":46}},"119":{"start":{"line":120,"column":0},"end":{"line":120,"column":84}},"120":{"start":{"line":121,"column":0},"end":{"line":121,"column":12}},"121":{"start":{"line":122,"column":0},"end":{"line":122,"column":26}},"122":{"start":{"line":123,"column":0},"end":{"line":123,"column":12}},"123":{"start":{"line":124,"column":0},"end":{"line":124,"column":41}},"124":{"start":{"line":125,"column":0},"end":{"line":125,"column":25}},"125":{"start":{"line":126,"column":0},"end":{"line":126,"column":24}},"126":{"start":{"line":127,"column":0},"end":{"line":127,"column":23}},"127":{"start":{"line":128,"column":0},"end":{"line":128,"column":27}},"128":{"start":{"line":129,"column":0},"end":{"line":129,"column":28}},"129":{"start":{"line":130,"column":0},"end":{"line":130,"column":32}},"130":{"start":{"line":131,"column":0},"end":{"line":131,"column":20}},"131":{"start":{"line":132,"column":0},"end":{"line":132,"column":25}},"132":{"start":{"line":133,"column":0},"end":{"line":133,"column":21}},"133":{"start":{"line":134,"column":0},"end":{"line":134,"column":33}},"134":{"start":{"line":135,"column":0},"end":{"line":135,"column":33}},"135":{"start":{"line":136,"column":0},"end":{"line":136,"column":31}},"136":{"start":{"line":137,"column":0},"end":{"line":137,"column":19}},"137":{"start":{"line":138,"column":0},"end":{"line":138,"column":18}},"138":{"start":{"line":139,"column":0},"end":{"line":139,"column":19}},"139":{"start":{"line":140,"column":0},"end":{"line":140,"column":6}},"140":{"start":{"line":141,"column":0},"end":{"line":141,"column":3}},"141":{"start":{"line":142,"column":0},"end":{"line":142,"column":0}},"142":{"start":{"line":143,"column":0},"end":{"line":143,"column":45}},"143":{"start":{"line":144,"column":0},"end":{"line":144,"column":48}},"144":{"start":{"line":145,"column":0},"end":{"line":145,"column":44}},"145":{"start":{"line":146,"column":0},"end":{"line":146,"column":76}},"146":{"start":{"line":147,"column":0},"end":{"line":147,"column":3}},"147":{"start":{"line":148,"column":0},"end":{"line":148,"column":0}},"148":{"start":{"line":149,"column":0},"end":{"line":149,"column":58}},"149":{"start":{"line":150,"column":0},"end":{"line":150,"column":36}},"150":{"start":{"line":151,"column":0},"end":{"line":151,"column":24}},"151":{"start":{"line":152,"column":0},"end":{"line":152,"column":52}},"152":{"start":{"line":153,"column":0},"end":{"line":153,"column":3}},"153":{"start":{"line":154,"column":0},"end":{"line":154,"column":0}},"154":{"start":{"line":155,"column":0},"end":{"line":155,"column":46}},"155":{"start":{"line":156,"column":0},"end":{"line":156,"column":31}},"156":{"start":{"line":157,"column":0},"end":{"line":157,"column":3}},"157":{"start":{"line":158,"column":0},"end":{"line":158,"column":0}},"158":{"start":{"line":159,"column":0},"end":{"line":159,"column":55}},"159":{"start":{"line":160,"column":0},"end":{"line":160,"column":47}},"160":{"start":{"line":161,"column":0},"end":{"line":161,"column":51}},"161":{"start":{"line":162,"column":0},"end":{"line":162,"column":3}},"162":{"start":{"line":163,"column":0},"end":{"line":163,"column":0}},"163":{"start":{"line":164,"column":0},"end":{"line":164,"column":28}},"164":{"start":{"line":165,"column":0},"end":{"line":165,"column":22}},"165":{"start":{"line":166,"column":0},"end":{"line":166,"column":3}},"166":{"start":{"line":167,"column":0},"end":{"line":167,"column":0}},"167":{"start":{"line":168,"column":0},"end":{"line":168,"column":24}},"168":{"start":{"line":169,"column":0},"end":{"line":169,"column":30}},"169":{"start":{"line":170,"column":0},"end":{"line":170,"column":3}},"170":{"start":{"line":171,"column":0},"end":{"line":171,"column":0}},"171":{"start":{"line":172,"column":0},"end":{"line":172,"column":31}},"172":{"start":{"line":173,"column":0},"end":{"line":173,"column":133}},"173":{"start":{"line":174,"column":0},"end":{"line":174,"column":103}},"174":{"start":{"line":175,"column":0},"end":{"line":175,"column":0}},"175":{"start":{"line":176,"column":0},"end":{"line":176,"column":51}},"176":{"start":{"line":177,"column":0},"end":{"line":177,"column":51}},"177":{"start":{"line":178,"column":0},"end":{"line":178,"column":33}},"178":{"start":{"line":179,"column":0},"end":{"line":179,"column":100}},"179":{"start":{"line":180,"column":0},"end":{"line":180,"column":5}},"180":{"start":{"line":181,"column":0},"end":{"line":181,"column":0}},"181":{"start":{"line":182,"column":0},"end":{"line":182,"column":57}},"182":{"start":{"line":183,"column":0},"end":{"line":183,"column":41}},"183":{"start":{"line":184,"column":0},"end":{"line":184,"column":57}},"184":{"start":{"line":185,"column":0},"end":{"line":185,"column":36}},"185":{"start":{"line":186,"column":0},"end":{"line":186,"column":39}},"186":{"start":{"line":187,"column":0},"end":{"line":187,"column":45}},"187":{"start":{"line":188,"column":0},"end":{"line":188,"column":56}},"188":{"start":{"line":189,"column":0},"end":{"line":189,"column":33}},"189":{"start":{"line":190,"column":0},"end":{"line":190,"column":76}},"190":{"start":{"line":191,"column":0},"end":{"line":191,"column":7}},"191":{"start":{"line":192,"column":0},"end":{"line":192,"column":57}},"192":{"start":{"line":193,"column":0},"end":{"line":193,"column":55}},"193":{"start":{"line":194,"column":0},"end":{"line":194,"column":12}},"194":{"start":{"line":195,"column":0},"end":{"line":195,"column":62}},"195":{"start":{"line":196,"column":0},"end":{"line":196,"column":60}},"196":{"start":{"line":197,"column":0},"end":{"line":197,"column":5}},"197":{"start":{"line":198,"column":0},"end":{"line":198,"column":0}},"198":{"start":{"line":199,"column":0},"end":{"line":199,"column":50}},"199":{"start":{"line":200,"column":0},"end":{"line":200,"column":0}},"200":{"start":{"line":201,"column":0},"end":{"line":201,"column":88}},"201":{"start":{"line":202,"column":0},"end":{"line":202,"column":49}},"202":{"start":{"line":203,"column":0},"end":{"line":203,"column":61}},"203":{"start":{"line":204,"column":0},"end":{"line":204,"column":0}},"204":{"start":{"line":205,"column":0},"end":{"line":205,"column":36}},"205":{"start":{"line":206,"column":0},"end":{"line":206,"column":68}},"206":{"start":{"line":207,"column":0},"end":{"line":207,"column":68}},"207":{"start":{"line":208,"column":0},"end":{"line":208,"column":70}},"208":{"start":{"line":209,"column":0},"end":{"line":209,"column":0}},"209":{"start":{"line":210,"column":0},"end":{"line":210,"column":61}},"210":{"start":{"line":211,"column":0},"end":{"line":211,"column":75}},"211":{"start":{"line":212,"column":0},"end":{"line":212,"column":28}},"212":{"start":{"line":213,"column":0},"end":{"line":213,"column":62}},"213":{"start":{"line":214,"column":0},"end":{"line":214,"column":62}},"214":{"start":{"line":215,"column":0},"end":{"line":215,"column":40}},"215":{"start":{"line":216,"column":0},"end":{"line":216,"column":49}},"216":{"start":{"line":217,"column":0},"end":{"line":217,"column":36}},"217":{"start":{"line":218,"column":0},"end":{"line":218,"column":45}},"218":{"start":{"line":219,"column":0},"end":{"line":219,"column":11}},"219":{"start":{"line":220,"column":0},"end":{"line":220,"column":9}},"220":{"start":{"line":221,"column":0},"end":{"line":221,"column":7}},"221":{"start":{"line":222,"column":0},"end":{"line":222,"column":5}},"222":{"start":{"line":223,"column":0},"end":{"line":223,"column":0}},"223":{"start":{"line":224,"column":0},"end":{"line":224,"column":22}},"224":{"start":{"line":225,"column":0},"end":{"line":225,"column":23}},"225":{"start":{"line":226,"column":0},"end":{"line":226,"column":33}},"226":{"start":{"line":227,"column":0},"end":{"line":227,"column":35}},"227":{"start":{"line":228,"column":0},"end":{"line":228,"column":50}},"228":{"start":{"line":229,"column":0},"end":{"line":229,"column":7}},"229":{"start":{"line":230,"column":0},"end":{"line":230,"column":0}},"230":{"start":{"line":231,"column":0},"end":{"line":231,"column":38}},"231":{"start":{"line":232,"column":0},"end":{"line":232,"column":0}},"232":{"start":{"line":233,"column":0},"end":{"line":233,"column":38}},"233":{"start":{"line":234,"column":0},"end":{"line":234,"column":27}},"234":{"start":{"line":235,"column":0},"end":{"line":235,"column":0}},"235":{"start":{"line":236,"column":0},"end":{"line":236,"column":29}},"236":{"start":{"line":237,"column":0},"end":{"line":237,"column":3}},"237":{"start":{"line":238,"column":0},"end":{"line":238,"column":0}},"238":{"start":{"line":239,"column":0},"end":{"line":239,"column":36}},"239":{"start":{"line":240,"column":0},"end":{"line":240,"column":61}},"240":{"start":{"line":241,"column":0},"end":{"line":241,"column":64}},"241":{"start":{"line":242,"column":0},"end":{"line":242,"column":81}},"242":{"start":{"line":243,"column":0},"end":{"line":243,"column":0}},"243":{"start":{"line":244,"column":0},"end":{"line":244,"column":96}},"244":{"start":{"line":245,"column":0},"end":{"line":245,"column":49}},"245":{"start":{"line":246,"column":0},"end":{"line":246,"column":36}},"246":{"start":{"line":247,"column":0},"end":{"line":247,"column":61}},"247":{"start":{"line":248,"column":0},"end":{"line":248,"column":65}},"248":{"start":{"line":249,"column":0},"end":{"line":249,"column":40}},"249":{"start":{"line":250,"column":0},"end":{"line":250,"column":78}},"250":{"start":{"line":251,"column":0},"end":{"line":251,"column":30}},"251":{"start":{"line":252,"column":0},"end":{"line":252,"column":7}},"252":{"start":{"line":253,"column":0},"end":{"line":253,"column":0}},"253":{"start":{"line":254,"column":0},"end":{"line":254,"column":57}},"254":{"start":{"line":255,"column":0},"end":{"line":255,"column":49}},"255":{"start":{"line":256,"column":0},"end":{"line":256,"column":0}},"256":{"start":{"line":257,"column":0},"end":{"line":257,"column":52}},"257":{"start":{"line":258,"column":0},"end":{"line":258,"column":35}},"258":{"start":{"line":259,"column":0},"end":{"line":259,"column":64}},"259":{"start":{"line":260,"column":0},"end":{"line":260,"column":39}},"260":{"start":{"line":261,"column":0},"end":{"line":261,"column":0}},"261":{"start":{"line":262,"column":0},"end":{"line":262,"column":44}},"262":{"start":{"line":263,"column":0},"end":{"line":263,"column":43}},"263":{"start":{"line":264,"column":0},"end":{"line":264,"column":84}},"264":{"start":{"line":265,"column":0},"end":{"line":265,"column":0}},"265":{"start":{"line":266,"column":0},"end":{"line":266,"column":42}},"266":{"start":{"line":267,"column":0},"end":{"line":267,"column":26}},"267":{"start":{"line":268,"column":0},"end":{"line":268,"column":35}},"268":{"start":{"line":269,"column":0},"end":{"line":269,"column":41}},"269":{"start":{"line":270,"column":0},"end":{"line":270,"column":69}},"270":{"start":{"line":271,"column":0},"end":{"line":271,"column":69}},"271":{"start":{"line":272,"column":0},"end":{"line":272,"column":68}},"272":{"start":{"line":273,"column":0},"end":{"line":273,"column":47}},"273":{"start":{"line":274,"column":0},"end":{"line":274,"column":9}},"274":{"start":{"line":275,"column":0},"end":{"line":275,"column":7}},"275":{"start":{"line":276,"column":0},"end":{"line":276,"column":0}},"276":{"start":{"line":277,"column":0},"end":{"line":277,"column":29}},"277":{"start":{"line":278,"column":0},"end":{"line":278,"column":52}},"278":{"start":{"line":279,"column":0},"end":{"line":279,"column":7}},"279":{"start":{"line":280,"column":0},"end":{"line":280,"column":5}},"280":{"start":{"line":281,"column":0},"end":{"line":281,"column":0}},"281":{"start":{"line":282,"column":0},"end":{"line":282,"column":64}},"282":{"start":{"line":283,"column":0},"end":{"line":283,"column":58}},"283":{"start":{"line":284,"column":0},"end":{"line":284,"column":3}},"284":{"start":{"line":285,"column":0},"end":{"line":285,"column":0}},"285":{"start":{"line":286,"column":0},"end":{"line":286,"column":205}},"286":{"start":{"line":287,"column":0},"end":{"line":287,"column":27}},"287":{"start":{"line":288,"column":0},"end":{"line":288,"column":0}},"288":{"start":{"line":289,"column":0},"end":{"line":289,"column":61}},"289":{"start":{"line":290,"column":0},"end":{"line":290,"column":75}},"290":{"start":{"line":291,"column":0},"end":{"line":291,"column":0}},"291":{"start":{"line":292,"column":0},"end":{"line":292,"column":62}},"292":{"start":{"line":293,"column":0},"end":{"line":293,"column":19}},"293":{"start":{"line":294,"column":0},"end":{"line":294,"column":41}},"294":{"start":{"line":295,"column":0},"end":{"line":295,"column":10}},"295":{"start":{"line":296,"column":0},"end":{"line":296,"column":0}},"296":{"start":{"line":297,"column":0},"end":{"line":297,"column":61}},"297":{"start":{"line":298,"column":0},"end":{"line":298,"column":78}},"298":{"start":{"line":299,"column":0},"end":{"line":299,"column":0}},"299":{"start":{"line":300,"column":0},"end":{"line":300,"column":37}},"300":{"start":{"line":301,"column":0},"end":{"line":301,"column":77}},"301":{"start":{"line":302,"column":0},"end":{"line":302,"column":7}},"302":{"start":{"line":303,"column":0},"end":{"line":303,"column":5}},"303":{"start":{"line":304,"column":0},"end":{"line":304,"column":0}},"304":{"start":{"line":305,"column":0},"end":{"line":305,"column":65}},"305":{"start":{"line":306,"column":0},"end":{"line":306,"column":57}},"306":{"start":{"line":307,"column":0},"end":{"line":307,"column":90}},"307":{"start":{"line":308,"column":0},"end":{"line":308,"column":3}},"308":{"start":{"line":309,"column":0},"end":{"line":309,"column":0}},"309":{"start":{"line":310,"column":0},"end":{"line":310,"column":89}},"310":{"start":{"line":311,"column":0},"end":{"line":311,"column":135}},"311":{"start":{"line":312,"column":0},"end":{"line":312,"column":55}},"312":{"start":{"line":313,"column":0},"end":{"line":313,"column":0}},"313":{"start":{"line":314,"column":0},"end":{"line":314,"column":37}},"314":{"start":{"line":315,"column":0},"end":{"line":315,"column":78}},"315":{"start":{"line":316,"column":0},"end":{"line":316,"column":0}},"316":{"start":{"line":317,"column":0},"end":{"line":317,"column":44}},"317":{"start":{"line":318,"column":0},"end":{"line":318,"column":71}},"318":{"start":{"line":319,"column":0},"end":{"line":319,"column":41}},"319":{"start":{"line":320,"column":0},"end":{"line":320,"column":41}},"320":{"start":{"line":321,"column":0},"end":{"line":321,"column":56}},"321":{"start":{"line":322,"column":0},"end":{"line":322,"column":6}},"322":{"start":{"line":323,"column":0},"end":{"line":323,"column":0}},"323":{"start":{"line":324,"column":0},"end":{"line":324,"column":29}},"324":{"start":{"line":325,"column":0},"end":{"line":325,"column":53}},"325":{"start":{"line":326,"column":0},"end":{"line":326,"column":52}},"326":{"start":{"line":327,"column":0},"end":{"line":327,"column":0}},"327":{"start":{"line":328,"column":0},"end":{"line":328,"column":49}},"328":{"start":{"line":329,"column":0},"end":{"line":329,"column":26}},"329":{"start":{"line":330,"column":0},"end":{"line":330,"column":51}},"330":{"start":{"line":331,"column":0},"end":{"line":331,"column":22}},"331":{"start":{"line":332,"column":0},"end":{"line":332,"column":69}},"332":{"start":{"line":333,"column":0},"end":{"line":333,"column":34}},"333":{"start":{"line":334,"column":0},"end":{"line":334,"column":35}},"334":{"start":{"line":335,"column":0},"end":{"line":335,"column":58}},"335":{"start":{"line":336,"column":0},"end":{"line":336,"column":37}},"336":{"start":{"line":337,"column":0},"end":{"line":337,"column":11}},"337":{"start":{"line":338,"column":0},"end":{"line":338,"column":9}},"338":{"start":{"line":339,"column":0},"end":{"line":339,"column":7}},"339":{"start":{"line":340,"column":0},"end":{"line":340,"column":5}},"340":{"start":{"line":341,"column":0},"end":{"line":341,"column":0}},"341":{"start":{"line":342,"column":0},"end":{"line":342,"column":52}},"342":{"start":{"line":343,"column":0},"end":{"line":343,"column":63}},"343":{"start":{"line":344,"column":0},"end":{"line":344,"column":70}},"344":{"start":{"line":345,"column":0},"end":{"line":345,"column":45}},"345":{"start":{"line":346,"column":0},"end":{"line":346,"column":79}},"346":{"start":{"line":347,"column":0},"end":{"line":347,"column":0}},"347":{"start":{"line":348,"column":0},"end":{"line":348,"column":70}},"348":{"start":{"line":349,"column":0},"end":{"line":349,"column":38}},"349":{"start":{"line":350,"column":0},"end":{"line":350,"column":22}},"350":{"start":{"line":351,"column":0},"end":{"line":351,"column":40}},"351":{"start":{"line":352,"column":0},"end":{"line":352,"column":60}},"352":{"start":{"line":353,"column":0},"end":{"line":353,"column":55}},"353":{"start":{"line":354,"column":0},"end":{"line":354,"column":44}},"354":{"start":{"line":355,"column":0},"end":{"line":355,"column":71}},"355":{"start":{"line":356,"column":0},"end":{"line":356,"column":70}},"356":{"start":{"line":357,"column":0},"end":{"line":357,"column":10}},"357":{"start":{"line":358,"column":0},"end":{"line":358,"column":59}},"358":{"start":{"line":359,"column":0},"end":{"line":359,"column":0}},"359":{"start":{"line":360,"column":0},"end":{"line":360,"column":31}},"360":{"start":{"line":361,"column":0},"end":{"line":361,"column":80}},"361":{"start":{"line":362,"column":0},"end":{"line":362,"column":6}},"362":{"start":{"line":363,"column":0},"end":{"line":363,"column":0}},"363":{"start":{"line":364,"column":0},"end":{"line":364,"column":66}},"364":{"start":{"line":365,"column":0},"end":{"line":365,"column":97}},"365":{"start":{"line":366,"column":0},"end":{"line":366,"column":0}},"366":{"start":{"line":367,"column":0},"end":{"line":367,"column":37}},"367":{"start":{"line":368,"column":0},"end":{"line":368,"column":68}},"368":{"start":{"line":369,"column":0},"end":{"line":369,"column":74}},"369":{"start":{"line":370,"column":0},"end":{"line":370,"column":0}},"370":{"start":{"line":371,"column":0},"end":{"line":371,"column":48}},"371":{"start":{"line":372,"column":0},"end":{"line":372,"column":55}},"372":{"start":{"line":373,"column":0},"end":{"line":373,"column":23}},"373":{"start":{"line":374,"column":0},"end":{"line":374,"column":43}},"374":{"start":{"line":375,"column":0},"end":{"line":375,"column":10}},"375":{"start":{"line":376,"column":0},"end":{"line":376,"column":0}},"376":{"start":{"line":377,"column":0},"end":{"line":377,"column":14}},"377":{"start":{"line":378,"column":0},"end":{"line":378,"column":148}},"378":{"start":{"line":379,"column":0},"end":{"line":379,"column":19}},"379":{"start":{"line":380,"column":0},"end":{"line":380,"column":8}},"380":{"start":{"line":381,"column":0},"end":{"line":381,"column":5}},"381":{"start":{"line":382,"column":0},"end":{"line":382,"column":0}},"382":{"start":{"line":383,"column":0},"end":{"line":383,"column":77}},"383":{"start":{"line":384,"column":0},"end":{"line":384,"column":55}},"384":{"start":{"line":385,"column":0},"end":{"line":385,"column":20}},"385":{"start":{"line":386,"column":0},"end":{"line":386,"column":51}},"386":{"start":{"line":387,"column":0},"end":{"line":387,"column":22}},"387":{"start":{"line":388,"column":0},"end":{"line":388,"column":56}},"388":{"start":{"line":389,"column":0},"end":{"line":389,"column":50}},"389":{"start":{"line":390,"column":0},"end":{"line":390,"column":9}},"390":{"start":{"line":391,"column":0},"end":{"line":391,"column":7}},"391":{"start":{"line":392,"column":0},"end":{"line":392,"column":33}},"392":{"start":{"line":393,"column":0},"end":{"line":393,"column":7}},"393":{"start":{"line":394,"column":0},"end":{"line":394,"column":0}},"394":{"start":{"line":395,"column":0},"end":{"line":395,"column":55}},"395":{"start":{"line":396,"column":0},"end":{"line":396,"column":51}},"396":{"start":{"line":397,"column":0},"end":{"line":397,"column":0}},"397":{"start":{"line":398,"column":0},"end":{"line":398,"column":26}},"398":{"start":{"line":399,"column":0},"end":{"line":399,"column":30}},"399":{"start":{"line":400,"column":0},"end":{"line":400,"column":50}},"400":{"start":{"line":401,"column":0},"end":{"line":401,"column":7}},"401":{"start":{"line":402,"column":0},"end":{"line":402,"column":0}},"402":{"start":{"line":403,"column":0},"end":{"line":403,"column":12}},"403":{"start":{"line":404,"column":0},"end":{"line":404,"column":91}},"404":{"start":{"line":405,"column":0},"end":{"line":405,"column":17}},"405":{"start":{"line":406,"column":0},"end":{"line":406,"column":6}},"406":{"start":{"line":407,"column":0},"end":{"line":407,"column":3}},"407":{"start":{"line":408,"column":0},"end":{"line":408,"column":0}},"408":{"start":{"line":409,"column":0},"end":{"line":409,"column":113}},"409":{"start":{"line":410,"column":0},"end":{"line":410,"column":44}},"410":{"start":{"line":411,"column":0},"end":{"line":411,"column":49}},"411":{"start":{"line":412,"column":0},"end":{"line":412,"column":22}},"412":{"start":{"line":413,"column":0},"end":{"line":413,"column":51}},"413":{"start":{"line":414,"column":0},"end":{"line":414,"column":46}},"414":{"start":{"line":415,"column":0},"end":{"line":415,"column":57}},"415":{"start":{"line":416,"column":0},"end":{"line":416,"column":29}},"416":{"start":{"line":417,"column":0},"end":{"line":417,"column":41}},"417":{"start":{"line":418,"column":0},"end":{"line":418,"column":28}},"418":{"start":{"line":419,"column":0},"end":{"line":419,"column":33}},"419":{"start":{"line":420,"column":0},"end":{"line":420,"column":12}},"420":{"start":{"line":421,"column":0},"end":{"line":421,"column":16}},"421":{"start":{"line":422,"column":0},"end":{"line":422,"column":33}},"422":{"start":{"line":423,"column":0},"end":{"line":423,"column":9}},"423":{"start":{"line":424,"column":0},"end":{"line":424,"column":7}},"424":{"start":{"line":425,"column":0},"end":{"line":425,"column":5}},"425":{"start":{"line":426,"column":0},"end":{"line":426,"column":0}},"426":{"start":{"line":427,"column":0},"end":{"line":427,"column":74}},"427":{"start":{"line":428,"column":0},"end":{"line":428,"column":40}},"428":{"start":{"line":429,"column":0},"end":{"line":429,"column":28}},"429":{"start":{"line":430,"column":0},"end":{"line":430,"column":36}},"430":{"start":{"line":431,"column":0},"end":{"line":431,"column":36}},"431":{"start":{"line":432,"column":0},"end":{"line":432,"column":59}},"432":{"start":{"line":433,"column":0},"end":{"line":433,"column":22}},"433":{"start":{"line":434,"column":0},"end":{"line":434,"column":8}},"434":{"start":{"line":435,"column":0},"end":{"line":435,"column":0}},"435":{"start":{"line":436,"column":0},"end":{"line":436,"column":62}},"436":{"start":{"line":437,"column":0},"end":{"line":437,"column":64}},"437":{"start":{"line":438,"column":0},"end":{"line":438,"column":0}},"438":{"start":{"line":439,"column":0},"end":{"line":439,"column":54}},"439":{"start":{"line":440,"column":0},"end":{"line":440,"column":54}},"440":{"start":{"line":441,"column":0},"end":{"line":441,"column":54}},"441":{"start":{"line":442,"column":0},"end":{"line":442,"column":39}},"442":{"start":{"line":443,"column":0},"end":{"line":443,"column":19}},"443":{"start":{"line":444,"column":0},"end":{"line":444,"column":44}},"444":{"start":{"line":445,"column":0},"end":{"line":445,"column":39}},"445":{"start":{"line":446,"column":0},"end":{"line":446,"column":11}},"446":{"start":{"line":447,"column":0},"end":{"line":447,"column":49}},"447":{"start":{"line":448,"column":0},"end":{"line":448,"column":9}},"448":{"start":{"line":449,"column":0},"end":{"line":449,"column":7}},"449":{"start":{"line":450,"column":0},"end":{"line":450,"column":0}},"450":{"start":{"line":451,"column":0},"end":{"line":451,"column":23}},"451":{"start":{"line":452,"column":0},"end":{"line":452,"column":7}},"452":{"start":{"line":453,"column":0},"end":{"line":453,"column":0}},"453":{"start":{"line":454,"column":0},"end":{"line":454,"column":32}},"454":{"start":{"line":455,"column":0},"end":{"line":455,"column":25}},"455":{"start":{"line":456,"column":0},"end":{"line":456,"column":26}},"456":{"start":{"line":457,"column":0},"end":{"line":457,"column":12}},"457":{"start":{"line":458,"column":0},"end":{"line":458,"column":23}},"458":{"start":{"line":459,"column":0},"end":{"line":459,"column":6}},"459":{"start":{"line":460,"column":0},"end":{"line":460,"column":0}},"460":{"start":{"line":461,"column":0},"end":{"line":461,"column":63}},"461":{"start":{"line":462,"column":0},"end":{"line":462,"column":65}},"462":{"start":{"line":463,"column":0},"end":{"line":463,"column":23}},"463":{"start":{"line":464,"column":0},"end":{"line":464,"column":39}},"464":{"start":{"line":465,"column":0},"end":{"line":465,"column":16}},"465":{"start":{"line":466,"column":0},"end":{"line":466,"column":40}},"466":{"start":{"line":467,"column":0},"end":{"line":467,"column":45}},"467":{"start":{"line":468,"column":0},"end":{"line":468,"column":10}},"468":{"start":{"line":469,"column":0},"end":{"line":469,"column":8}},"469":{"start":{"line":470,"column":0},"end":{"line":470,"column":6}},"470":{"start":{"line":471,"column":0},"end":{"line":471,"column":0}},"471":{"start":{"line":472,"column":0},"end":{"line":472,"column":72}},"472":{"start":{"line":473,"column":0},"end":{"line":473,"column":30}},"473":{"start":{"line":474,"column":0},"end":{"line":474,"column":30}},"474":{"start":{"line":475,"column":0},"end":{"line":475,"column":32}},"475":{"start":{"line":476,"column":0},"end":{"line":476,"column":24}},"476":{"start":{"line":477,"column":0},"end":{"line":477,"column":31}},"477":{"start":{"line":478,"column":0},"end":{"line":478,"column":55}},"478":{"start":{"line":479,"column":0},"end":{"line":479,"column":8}},"479":{"start":{"line":480,"column":0},"end":{"line":480,"column":0}},"480":{"start":{"line":481,"column":0},"end":{"line":481,"column":36}},"481":{"start":{"line":482,"column":0},"end":{"line":482,"column":28}},"482":{"start":{"line":483,"column":0},"end":{"line":483,"column":30}},"483":{"start":{"line":484,"column":0},"end":{"line":484,"column":25}},"484":{"start":{"line":485,"column":0},"end":{"line":485,"column":24}},"485":{"start":{"line":486,"column":0},"end":{"line":486,"column":6}},"486":{"start":{"line":487,"column":0},"end":{"line":487,"column":0}},"487":{"start":{"line":488,"column":0},"end":{"line":488,"column":50}},"488":{"start":{"line":489,"column":0},"end":{"line":489,"column":3}},"489":{"start":{"line":490,"column":0},"end":{"line":490,"column":0}},"490":{"start":{"line":491,"column":0},"end":{"line":491,"column":29}},"491":{"start":{"line":492,"column":0},"end":{"line":492,"column":36}},"492":{"start":{"line":493,"column":0},"end":{"line":493,"column":0}},"493":{"start":{"line":494,"column":0},"end":{"line":494,"column":36}},"494":{"start":{"line":495,"column":0},"end":{"line":495,"column":0}},"495":{"start":{"line":496,"column":0},"end":{"line":496,"column":42}},"496":{"start":{"line":497,"column":0},"end":{"line":497,"column":75}},"497":{"start":{"line":498,"column":0},"end":{"line":498,"column":0}},"498":{"start":{"line":499,"column":0},"end":{"line":499,"column":49}},"499":{"start":{"line":500,"column":0},"end":{"line":500,"column":50}},"500":{"start":{"line":501,"column":0},"end":{"line":501,"column":42}},"501":{"start":{"line":502,"column":0},"end":{"line":502,"column":19}},"502":{"start":{"line":503,"column":0},"end":{"line":503,"column":62}},"503":{"start":{"line":504,"column":0},"end":{"line":504,"column":9}},"504":{"start":{"line":505,"column":0},"end":{"line":505,"column":7}},"505":{"start":{"line":506,"column":0},"end":{"line":506,"column":5}},"506":{"start":{"line":507,"column":0},"end":{"line":507,"column":0}},"507":{"start":{"line":508,"column":0},"end":{"line":508,"column":40}},"508":{"start":{"line":509,"column":0},"end":{"line":509,"column":56}},"509":{"start":{"line":510,"column":0},"end":{"line":510,"column":0}},"510":{"start":{"line":511,"column":0},"end":{"line":511,"column":33}},"511":{"start":{"line":512,"column":0},"end":{"line":512,"column":35}},"512":{"start":{"line":513,"column":0},"end":{"line":513,"column":0}},"513":{"start":{"line":514,"column":0},"end":{"line":514,"column":22}},"514":{"start":{"line":515,"column":0},"end":{"line":515,"column":50}},"515":{"start":{"line":516,"column":0},"end":{"line":516,"column":0}},"516":{"start":{"line":517,"column":0},"end":{"line":517,"column":73}},"517":{"start":{"line":518,"column":0},"end":{"line":518,"column":34}},"518":{"start":{"line":519,"column":0},"end":{"line":519,"column":80}},"519":{"start":{"line":520,"column":0},"end":{"line":520,"column":36}},"520":{"start":{"line":521,"column":0},"end":{"line":521,"column":46}},"521":{"start":{"line":522,"column":0},"end":{"line":522,"column":39}},"522":{"start":{"line":523,"column":0},"end":{"line":523,"column":9}},"523":{"start":{"line":524,"column":0},"end":{"line":524,"column":15}},"524":{"start":{"line":525,"column":0},"end":{"line":525,"column":7}},"525":{"start":{"line":526,"column":0},"end":{"line":526,"column":0}},"526":{"start":{"line":527,"column":0},"end":{"line":527,"column":75}},"527":{"start":{"line":528,"column":0},"end":{"line":528,"column":34}},"528":{"start":{"line":529,"column":0},"end":{"line":529,"column":57}},"529":{"start":{"line":530,"column":0},"end":{"line":530,"column":78}},"530":{"start":{"line":531,"column":0},"end":{"line":531,"column":15}},"531":{"start":{"line":532,"column":0},"end":{"line":532,"column":7}},"532":{"start":{"line":533,"column":0},"end":{"line":533,"column":0}},"533":{"start":{"line":534,"column":0},"end":{"line":534,"column":77}},"534":{"start":{"line":535,"column":0},"end":{"line":535,"column":89}},"535":{"start":{"line":536,"column":0},"end":{"line":536,"column":0}},"536":{"start":{"line":537,"column":0},"end":{"line":537,"column":84}},"537":{"start":{"line":538,"column":0},"end":{"line":538,"column":62}},"538":{"start":{"line":539,"column":0},"end":{"line":539,"column":36}},"539":{"start":{"line":540,"column":0},"end":{"line":540,"column":48}},"540":{"start":{"line":541,"column":0},"end":{"line":541,"column":20}},"541":{"start":{"line":542,"column":0},"end":{"line":542,"column":7}},"542":{"start":{"line":543,"column":0},"end":{"line":543,"column":0}},"543":{"start":{"line":544,"column":0},"end":{"line":544,"column":31}},"544":{"start":{"line":545,"column":0},"end":{"line":545,"column":72}},"545":{"start":{"line":546,"column":0},"end":{"line":546,"column":68}},"546":{"start":{"line":547,"column":0},"end":{"line":547,"column":50}},"547":{"start":{"line":548,"column":0},"end":{"line":548,"column":0}},"548":{"start":{"line":549,"column":0},"end":{"line":549,"column":31}},"549":{"start":{"line":550,"column":0},"end":{"line":550,"column":38}},"550":{"start":{"line":551,"column":0},"end":{"line":551,"column":41}},"551":{"start":{"line":552,"column":0},"end":{"line":552,"column":15}},"552":{"start":{"line":553,"column":0},"end":{"line":553,"column":7}},"553":{"start":{"line":554,"column":0},"end":{"line":554,"column":0}},"554":{"start":{"line":555,"column":0},"end":{"line":555,"column":75}},"555":{"start":{"line":556,"column":0},"end":{"line":556,"column":48}},"556":{"start":{"line":557,"column":0},"end":{"line":557,"column":66}},"557":{"start":{"line":558,"column":0},"end":{"line":558,"column":34}},"558":{"start":{"line":559,"column":0},"end":{"line":559,"column":47}},"559":{"start":{"line":560,"column":0},"end":{"line":560,"column":7}},"560":{"start":{"line":561,"column":0},"end":{"line":561,"column":0}},"561":{"start":{"line":562,"column":0},"end":{"line":562,"column":71}},"562":{"start":{"line":563,"column":0},"end":{"line":563,"column":6}},"563":{"start":{"line":564,"column":0},"end":{"line":564,"column":0}},"564":{"start":{"line":565,"column":0},"end":{"line":565,"column":63}},"565":{"start":{"line":566,"column":0},"end":{"line":566,"column":94}},"566":{"start":{"line":567,"column":0},"end":{"line":567,"column":3}},"567":{"start":{"line":568,"column":0},"end":{"line":568,"column":0}},"568":{"start":{"line":569,"column":0},"end":{"line":569,"column":51}},"569":{"start":{"line":570,"column":0},"end":{"line":570,"column":18}},"570":{"start":{"line":571,"column":0},"end":{"line":571,"column":35}},"571":{"start":{"line":572,"column":0},"end":{"line":572,"column":31}},"572":{"start":{"line":573,"column":0},"end":{"line":573,"column":35}},"573":{"start":{"line":574,"column":0},"end":{"line":574,"column":7}},"574":{"start":{"line":575,"column":0},"end":{"line":575,"column":5}},"575":{"start":{"line":576,"column":0},"end":{"line":576,"column":17}},"576":{"start":{"line":577,"column":0},"end":{"line":577,"column":3}},"577":{"start":{"line":578,"column":0},"end":{"line":578,"column":0}},"578":{"start":{"line":579,"column":0},"end":{"line":579,"column":26}},"579":{"start":{"line":580,"column":0},"end":{"line":580,"column":56}},"580":{"start":{"line":581,"column":0},"end":{"line":581,"column":77}},"581":{"start":{"line":582,"column":0},"end":{"line":582,"column":0}},"582":{"start":{"line":583,"column":0},"end":{"line":583,"column":32}},"583":{"start":{"line":584,"column":0},"end":{"line":584,"column":61}},"584":{"start":{"line":585,"column":0},"end":{"line":585,"column":22}},"585":{"start":{"line":586,"column":0},"end":{"line":586,"column":0}},"586":{"start":{"line":587,"column":0},"end":{"line":587,"column":45}},"587":{"start":{"line":588,"column":0},"end":{"line":588,"column":50}},"588":{"start":{"line":589,"column":0},"end":{"line":589,"column":0}},"589":{"start":{"line":590,"column":0},"end":{"line":590,"column":22}},"590":{"start":{"line":591,"column":0},"end":{"line":591,"column":26}},"591":{"start":{"line":592,"column":0},"end":{"line":592,"column":40}},"592":{"start":{"line":593,"column":0},"end":{"line":593,"column":27}},"593":{"start":{"line":594,"column":0},"end":{"line":594,"column":8}},"594":{"start":{"line":595,"column":0},"end":{"line":595,"column":30}},"595":{"start":{"line":596,"column":0},"end":{"line":596,"column":44}},"596":{"start":{"line":597,"column":0},"end":{"line":597,"column":25}},"597":{"start":{"line":598,"column":0},"end":{"line":598,"column":8}},"598":{"start":{"line":599,"column":0},"end":{"line":599,"column":7}},"599":{"start":{"line":600,"column":0},"end":{"line":600,"column":0}},"600":{"start":{"line":601,"column":0},"end":{"line":601,"column":32}},"601":{"start":{"line":602,"column":0},"end":{"line":602,"column":71}},"602":{"start":{"line":603,"column":0},"end":{"line":603,"column":25}},"603":{"start":{"line":604,"column":0},"end":{"line":604,"column":81}},"604":{"start":{"line":605,"column":0},"end":{"line":605,"column":34}},"605":{"start":{"line":606,"column":0},"end":{"line":606,"column":5}},"606":{"start":{"line":607,"column":0},"end":{"line":607,"column":0}},"607":{"start":{"line":608,"column":0},"end":{"line":608,"column":37}},"608":{"start":{"line":609,"column":0},"end":{"line":609,"column":42}},"609":{"start":{"line":610,"column":0},"end":{"line":610,"column":5}},"610":{"start":{"line":611,"column":0},"end":{"line":611,"column":3}},"611":{"start":{"line":612,"column":0},"end":{"line":612,"column":0}},"612":{"start":{"line":613,"column":0},"end":{"line":613,"column":27}},"613":{"start":{"line":614,"column":0},"end":{"line":614,"column":41}},"614":{"start":{"line":615,"column":0},"end":{"line":615,"column":77}},"615":{"start":{"line":616,"column":0},"end":{"line":616,"column":0}},"616":{"start":{"line":617,"column":0},"end":{"line":617,"column":35}},"617":{"start":{"line":618,"column":0},"end":{"line":618,"column":60}},"618":{"start":{"line":619,"column":0},"end":{"line":619,"column":0}},"619":{"start":{"line":620,"column":0},"end":{"line":620,"column":61}},"620":{"start":{"line":621,"column":0},"end":{"line":621,"column":22}},"621":{"start":{"line":622,"column":0},"end":{"line":622,"column":0}},"622":{"start":{"line":623,"column":0},"end":{"line":623,"column":32}},"623":{"start":{"line":624,"column":0},"end":{"line":624,"column":0}},"624":{"start":{"line":625,"column":0},"end":{"line":625,"column":41}},"625":{"start":{"line":626,"column":0},"end":{"line":626,"column":63}},"626":{"start":{"line":627,"column":0},"end":{"line":627,"column":0}},"627":{"start":{"line":628,"column":0},"end":{"line":628,"column":49}},"628":{"start":{"line":629,"column":0},"end":{"line":629,"column":50}},"629":{"start":{"line":630,"column":0},"end":{"line":630,"column":22}},"630":{"start":{"line":631,"column":0},"end":{"line":631,"column":26}},"631":{"start":{"line":632,"column":0},"end":{"line":632,"column":40}},"632":{"start":{"line":633,"column":0},"end":{"line":633,"column":27}},"633":{"start":{"line":634,"column":0},"end":{"line":634,"column":8}},"634":{"start":{"line":635,"column":0},"end":{"line":635,"column":30}},"635":{"start":{"line":636,"column":0},"end":{"line":636,"column":44}},"636":{"start":{"line":637,"column":0},"end":{"line":637,"column":20}},"637":{"start":{"line":638,"column":0},"end":{"line":638,"column":8}},"638":{"start":{"line":639,"column":0},"end":{"line":639,"column":30}},"639":{"start":{"line":640,"column":0},"end":{"line":640,"column":7}},"640":{"start":{"line":641,"column":0},"end":{"line":641,"column":0}},"641":{"start":{"line":642,"column":0},"end":{"line":642,"column":40}},"642":{"start":{"line":643,"column":0},"end":{"line":643,"column":27}},"643":{"start":{"line":644,"column":0},"end":{"line":644,"column":59}},"644":{"start":{"line":645,"column":0},"end":{"line":645,"column":5}},"645":{"start":{"line":646,"column":0},"end":{"line":646,"column":0}},"646":{"start":{"line":647,"column":0},"end":{"line":647,"column":32}},"647":{"start":{"line":648,"column":0},"end":{"line":648,"column":71}},"648":{"start":{"line":649,"column":0},"end":{"line":649,"column":25}},"649":{"start":{"line":650,"column":0},"end":{"line":650,"column":76}},"650":{"start":{"line":651,"column":0},"end":{"line":651,"column":34}},"651":{"start":{"line":652,"column":0},"end":{"line":652,"column":5}},"652":{"start":{"line":653,"column":0},"end":{"line":653,"column":0}},"653":{"start":{"line":654,"column":0},"end":{"line":654,"column":37}},"654":{"start":{"line":655,"column":0},"end":{"line":655,"column":42}},"655":{"start":{"line":656,"column":0},"end":{"line":656,"column":5}},"656":{"start":{"line":657,"column":0},"end":{"line":657,"column":3}},"657":{"start":{"line":658,"column":0},"end":{"line":658,"column":0}},"658":{"start":{"line":659,"column":0},"end":{"line":659,"column":109}},"659":{"start":{"line":660,"column":0},"end":{"line":660,"column":32}},"660":{"start":{"line":661,"column":0},"end":{"line":661,"column":42}},"661":{"start":{"line":662,"column":0},"end":{"line":662,"column":35}},"662":{"start":{"line":663,"column":0},"end":{"line":663,"column":5}},"663":{"start":{"line":664,"column":0},"end":{"line":664,"column":0}},"664":{"start":{"line":665,"column":0},"end":{"line":665,"column":68}},"665":{"start":{"line":666,"column":0},"end":{"line":666,"column":66}},"666":{"start":{"line":667,"column":0},"end":{"line":667,"column":31}},"667":{"start":{"line":668,"column":0},"end":{"line":668,"column":58}},"668":{"start":{"line":669,"column":0},"end":{"line":669,"column":32}},"669":{"start":{"line":670,"column":0},"end":{"line":670,"column":75}},"670":{"start":{"line":671,"column":0},"end":{"line":671,"column":47}},"671":{"start":{"line":672,"column":0},"end":{"line":672,"column":7}},"672":{"start":{"line":673,"column":0},"end":{"line":673,"column":0}},"673":{"start":{"line":674,"column":0},"end":{"line":674,"column":57}},"674":{"start":{"line":675,"column":0},"end":{"line":675,"column":0}},"675":{"start":{"line":676,"column":0},"end":{"line":676,"column":25}},"676":{"start":{"line":677,"column":0},"end":{"line":677,"column":27}},"677":{"start":{"line":678,"column":0},"end":{"line":678,"column":24}},"678":{"start":{"line":679,"column":0},"end":{"line":679,"column":0}},"679":{"start":{"line":680,"column":0},"end":{"line":680,"column":36}},"680":{"start":{"line":681,"column":0},"end":{"line":681,"column":68}},"681":{"start":{"line":682,"column":0},"end":{"line":682,"column":22}},"682":{"start":{"line":683,"column":0},"end":{"line":683,"column":72}},"683":{"start":{"line":684,"column":0},"end":{"line":684,"column":25}},"684":{"start":{"line":685,"column":0},"end":{"line":685,"column":7}},"685":{"start":{"line":686,"column":0},"end":{"line":686,"column":59}},"686":{"start":{"line":687,"column":0},"end":{"line":687,"column":5}},"687":{"start":{"line":688,"column":0},"end":{"line":688,"column":0}},"688":{"start":{"line":689,"column":0},"end":{"line":689,"column":29}},"689":{"start":{"line":690,"column":0},"end":{"line":690,"column":61}},"690":{"start":{"line":691,"column":0},"end":{"line":691,"column":67}},"691":{"start":{"line":692,"column":0},"end":{"line":692,"column":55}},"692":{"start":{"line":693,"column":0},"end":{"line":693,"column":5}},"693":{"start":{"line":694,"column":0},"end":{"line":694,"column":0}},"694":{"start":{"line":695,"column":0},"end":{"line":695,"column":60}},"695":{"start":{"line":696,"column":0},"end":{"line":696,"column":48}},"696":{"start":{"line":697,"column":0},"end":{"line":697,"column":36}},"697":{"start":{"line":698,"column":0},"end":{"line":698,"column":72}},"698":{"start":{"line":699,"column":0},"end":{"line":699,"column":73}},"699":{"start":{"line":700,"column":0},"end":{"line":700,"column":65}},"700":{"start":{"line":701,"column":0},"end":{"line":701,"column":21}},"701":{"start":{"line":702,"column":0},"end":{"line":702,"column":52}},"702":{"start":{"line":703,"column":0},"end":{"line":703,"column":11}},"703":{"start":{"line":704,"column":0},"end":{"line":704,"column":9}},"704":{"start":{"line":705,"column":0},"end":{"line":705,"column":7}},"705":{"start":{"line":706,"column":0},"end":{"line":706,"column":5}},"706":{"start":{"line":707,"column":0},"end":{"line":707,"column":0}},"707":{"start":{"line":708,"column":0},"end":{"line":708,"column":32}},"708":{"start":{"line":709,"column":0},"end":{"line":709,"column":68}},"709":{"start":{"line":710,"column":0},"end":{"line":710,"column":16}},"710":{"start":{"line":711,"column":0},"end":{"line":711,"column":27}},"711":{"start":{"line":712,"column":0},"end":{"line":712,"column":49}},"712":{"start":{"line":713,"column":0},"end":{"line":713,"column":35}},"713":{"start":{"line":714,"column":0},"end":{"line":714,"column":36}},"714":{"start":{"line":715,"column":0},"end":{"line":715,"column":15}},"715":{"start":{"line":716,"column":0},"end":{"line":716,"column":6}},"716":{"start":{"line":717,"column":0},"end":{"line":717,"column":0}},"717":{"start":{"line":718,"column":0},"end":{"line":718,"column":22}},"718":{"start":{"line":719,"column":0},"end":{"line":719,"column":24}},"719":{"start":{"line":720,"column":0},"end":{"line":720,"column":13}},"720":{"start":{"line":721,"column":0},"end":{"line":721,"column":7}},"721":{"start":{"line":722,"column":0},"end":{"line":722,"column":3}},"722":{"start":{"line":723,"column":0},"end":{"line":723,"column":0}},"723":{"start":{"line":724,"column":0},"end":{"line":724,"column":31}},"724":{"start":{"line":725,"column":0},"end":{"line":725,"column":24}},"725":{"start":{"line":726,"column":0},"end":{"line":726,"column":31}},"726":{"start":{"line":727,"column":0},"end":{"line":727,"column":43}},"727":{"start":{"line":728,"column":0},"end":{"line":728,"column":29}},"728":{"start":{"line":729,"column":0},"end":{"line":729,"column":51}},"729":{"start":{"line":730,"column":0},"end":{"line":730,"column":16}},"730":{"start":{"line":731,"column":0},"end":{"line":731,"column":3}},"731":{"start":{"line":732,"column":0},"end":{"line":732,"column":0}},"732":{"start":{"line":733,"column":0},"end":{"line":733,"column":13}},"733":{"start":{"line":734,"column":0},"end":{"line":734,"column":13}},"734":{"start":{"line":735,"column":0},"end":{"line":735,"column":32}},"735":{"start":{"line":736,"column":0},"end":{"line":736,"column":42}},"736":{"start":{"line":737,"column":0},"end":{"line":737,"column":35}},"737":{"start":{"line":738,"column":0},"end":{"line":738,"column":5}},"738":{"start":{"line":739,"column":0},"end":{"line":739,"column":3}},"739":{"start":{"line":740,"column":0},"end":{"line":740,"column":1}}},"s":{"0":1,"1":1,"2":1,"3":1,"4":1,"5":1,"6":1,"7":1,"8":1,"9":1,"10":1,"11":1,"12":1,"13":1,"14":1,"15":1,"16":1,"17":1,"18":1,"19":1,"20":1,"21":1,"22":1,"23":1,"24":1,"25":1,"26":1,"27":1,"28":1,"29":1,"30":1,"31":1,"32":1,"33":1,"34":1,"35":1,"36":1,"37":1,"38":1,"39":1,"40":1,"41":1,"42":1,"43":1,"44":1,"45":1,"46":1,"47":1,"48":1,"49":1,"50":1,"51":1,"52":1,"53":1,"54":1,"55":1,"56":1,"57":1,"58":1,"59":1,"60":1,"61":1,"62":1,"63":1,"64":1,"65":1,"66":1,"67":1,"68":1,"69":1,"70":1,"71":1,"72":1,"73":1,"74":1,"75":1,"76":1,"77":27,"78":27,"79":27,"80":27,"81":27,"82":27,"83":27,"84":27,"85":344,"86":344,"87":344,"88":27,"89":27,"90":9,"91":9,"92":27,"93":27,"94":60,"95":60,"96":335,"97":335,"98":335,"99":60,"100":60,"101":27,"102":1,"103":1,"104":27,"105":27,"106":27,"107":27,"108":27,"109":27,"110":27,"111":27,"112":27,"113":27,"114":27,"115":27,"116":27,"117":27,"118":27,"119":27,"120":27,"121":27,"122":27,"123":27,"124":27,"125":27,"126":27,"127":27,"128":27,"129":27,"130":27,"131":27,"132":27,"133":27,"134":27,"135":27,"136":27,"137":27,"138":27,"139":27,"140":27,"141":27,"142":27,"143":27,"144":27,"145":27,"146":27,"147":27,"148":27,"149":4,"150":4,"151":4,"152":4,"153":27,"154":27,"155":1,"156":1,"157":27,"158":27,"159":9,"160":9,"161":9,"162":27,"163":27,"164":22,"165":22,"166":27,"167":27,"168":2,"169":2,"170":27,"171":27,"172":27,"173":11,"174":11,"175":11,"176":11,"177":11,"178":2,"179":2,"180":9,"181":9,"182":9,"183":9,"184":11,"185":1,"186":1,"187":1,"188":1,"189":0,"190":0,"191":1,"192":1,"193":11,"194":8,"195":8,"196":8,"197":9,"198":9,"199":9,"200":9,"201":9,"202":9,"203":9,"204":9,"205":9,"206":36,"207":36,"208":36,"209":36,"210":192,"211":192,"212":72,"213":72,"214":72,"215":72,"216":72,"217":72,"218":72,"219":192,"220":36,"221":9,"222":9,"223":9,"224":9,"225":9,"226":9,"227":9,"228":9,"229":9,"230":9,"231":9,"232":9,"233":9,"234":9,"235":9,"236":11,"237":27,"238":27,"239":10,"240":10,"241":10,"242":10,"243":10,"244":10,"245":80,"246":80,"247":80,"248":80,"249":80,"250":80,"251":10,"252":10,"253":10,"254":10,"255":10,"256":10,"257":10,"258":10,"259":10,"260":10,"261":10,"262":10,"263":10,"264":10,"265":10,"266":10,"267":10,"268":40,"269":60,"270":60,"271":60,"272":60,"273":60,"274":60,"275":40,"276":10,"277":10,"278":10,"279":10,"280":0,"281":0,"282":0,"283":10,"284":27,"285":27,"286":21,"287":21,"288":21,"289":59,"290":59,"291":59,"292":236,"293":236,"294":59,"295":59,"296":59,"297":59,"298":59,"299":59,"300":18,"301":18,"302":59,"303":41,"304":41,"305":41,"306":41,"307":21,"308":27,"309":27,"310":27,"311":3,"312":3,"313":3,"314":3,"315":3,"316":3,"317":3,"318":36,"319":36,"320":36,"321":36,"322":3,"323":3,"324":3,"325":3,"326":3,"327":3,"328":12,"329":12,"330":48,"331":36,"332":36,"333":16,"334":16,"335":16,"336":16,"337":36,"338":48,"339":12,"340":3,"341":3,"342":3,"343":3,"344":3,"345":3,"346":3,"347":3,"348":3,"349":3,"350":24,"351":24,"352":24,"353":20,"354":20,"355":24,"356":3,"357":3,"358":3,"359":3,"360":3,"361":3,"362":3,"363":3,"364":3,"365":3,"366":3,"367":2,"368":2,"369":2,"370":2,"371":2,"372":2,"373":2,"374":2,"375":2,"376":2,"377":2,"378":2,"379":2,"380":2,"381":1,"382":1,"383":1,"384":4,"385":4,"386":16,"387":12,"388":12,"389":12,"390":16,"391":4,"392":1,"393":1,"394":1,"395":1,"396":1,"397":1,"398":1,"399":1,"400":1,"401":1,"402":1,"403":1,"404":1,"405":1,"406":3,"407":27,"408":27,"409":18,"410":18,"411":113,"412":113,"413":820,"414":820,"415":318,"416":318,"417":318,"418":318,"419":318,"420":820,"421":502,"422":502,"423":820,"424":113,"425":18,"426":18,"427":72,"428":72,"429":72,"430":72,"431":72,"432":72,"433":72,"434":72,"435":72,"436":72,"437":72,"438":72,"439":372,"440":372,"441":372,"442":372,"443":372,"444":54,"445":54,"446":372,"447":372,"448":372,"449":72,"450":72,"451":18,"452":18,"453":18,"454":18,"455":18,"456":18,"457":18,"458":18,"459":18,"460":18,"461":18,"462":113,"463":820,"464":318,"465":318,"466":318,"467":318,"468":113,"469":18,"470":18,"471":18,"472":72,"473":72,"474":72,"475":72,"476":72,"477":72,"478":18,"479":18,"480":18,"481":18,"482":18,"483":18,"484":18,"485":18,"486":18,"487":18,"488":18,"489":27,"490":27,"491":9,"492":9,"493":9,"494":9,"495":9,"496":9,"497":9,"498":9,"499":54,"500":378,"501":378,"502":153,"503":153,"504":378,"505":54,"506":9,"507":9,"508":9,"509":9,"510":9,"511":9,"512":9,"513":9,"514":9,"515":9,"516":9,"517":9,"518":0,"519":0,"520":0,"521":0,"522":0,"523":0,"524":0,"525":0,"526":0,"527":0,"528":0,"529":0,"530":0,"531":0,"532":0,"533":0,"534":0,"535":0,"536":0,"537":0,"538":0,"539":0,"540":0,"541":0,"542":0,"543":0,"544":0,"545":0,"546":0,"547":0,"548":0,"549":0,"550":0,"551":0,"552":0,"553":0,"554":0,"555":0,"556":0,"557":0,"558":0,"559":0,"560":0,"561":0,"562":0,"563":9,"564":9,"565":9,"566":9,"567":27,"568":27,"569":9,"570":9,"571":54,"572":378,"573":378,"574":54,"575":9,"576":9,"577":27,"578":27,"579":27,"580":0,"581":0,"582":0,"583":0,"584":0,"585":0,"586":0,"587":0,"588":0,"589":0,"590":0,"591":0,"592":0,"593":0,"594":0,"595":0,"596":0,"597":0,"598":0,"599":0,"600":0,"601":0,"602":0,"603":0,"604":0,"605":0,"606":0,"607":0,"608":0,"609":0,"610":0,"611":27,"612":27,"613":27,"614":0,"615":0,"616":0,"617":0,"618":0,"619":0,"620":0,"621":0,"622":0,"623":0,"624":0,"625":0,"626":0,"627":0,"628":0,"629":0,"630":0,"631":0,"632":0,"633":0,"634":0,"635":0,"636":0,"637":0,"638":0,"639":0,"640":0,"641":0,"642":0,"643":0,"644":0,"645":0,"646":0,"647":0,"648":0,"649":0,"650":0,"651":0,"652":0,"653":0,"654":0,"655":0,"656":0,"657":27,"658":27,"659":0,"660":0,"661":0,"662":0,"663":0,"664":0,"665":0,"666":0,"667":0,"668":0,"669":0,"670":0,"671":0,"672":0,"673":0,"674":0,"675":0,"676":0,"677":0,"678":0,"679":0,"680":0,"681":0,"682":0,"683":0,"684":0,"685":0,"686":0,"687":0,"688":0,"689":0,"690":0,"691":0,"692":0,"693":0,"694":0,"695":0,"696":0,"697":0,"698":0,"699":0,"700":0,"701":0,"702":0,"703":0,"704":0,"705":0,"706":0,"707":0,"708":0,"709":0,"710":0,"711":0,"712":0,"713":0,"714":0,"715":0,"716":0,"717":0,"718":0,"719":0,"720":0,"721":0,"722":27,"723":27,"724":27,"725":0,"726":0,"727":0,"728":0,"729":0,"730":0,"731":27,"732":27,"733":27,"734":0,"735":0,"736":0,"737":0,"738":0,"739":27},"branchMap":{"0":{"type":"branch","line":78,"loc":{"start":{"line":78,"column":0},"end":{"line":102,"column":1}},"locations":[{"start":{"line":78,"column":0},"end":{"line":102,"column":1}}]},"1":{"type":"branch","line":81,"loc":{"start":{"line":81,"column":2},"end":{"line":83,"column":3}},"locations":[{"start":{"line":81,"column":2},"end":{"line":83,"column":3}}]},"2":{"type":"branch","line":85,"loc":{"start":{"line":85,"column":2},"end":{"line":88,"column":3}},"locations":[{"start":{"line":85,"column":2},"end":{"line":88,"column":3}}]},"3":{"type":"branch","line":90,"loc":{"start":{"line":90,"column":2},"end":{"line":92,"column":3}},"locations":[{"start":{"line":90,"column":2},"end":{"line":92,"column":3}}]},"4":{"type":"branch","line":94,"loc":{"start":{"line":94,"column":2},"end":{"line":101,"column":3}},"locations":[{"start":{"line":94,"column":2},"end":{"line":101,"column":3}}]},"5":{"type":"branch","line":96,"loc":{"start":{"line":96,"column":50},"end":{"line":99,"column":5}},"locations":[{"start":{"line":96,"column":50},"end":{"line":99,"column":5}}]},"6":{"type":"branch","line":104,"loc":{"start":{"line":104,"column":7},"end":{"line":740,"column":1}},"locations":[{"start":{"line":104,"column":7},"end":{"line":740,"column":1}}]},"7":{"type":"branch","line":113,"loc":{"start":{"line":113,"column":2},"end":{"line":117,"column":3}},"locations":[{"start":{"line":113,"column":2},"end":{"line":117,"column":3}}]},"8":{"type":"branch","line":119,"loc":{"start":{"line":119,"column":10},"end":{"line":141,"column":3}},"locations":[{"start":{"line":119,"column":10},"end":{"line":141,"column":3}}]},"9":{"type":"branch","line":143,"loc":{"start":{"line":143,"column":10},"end":{"line":147,"column":3}},"locations":[{"start":{"line":143,"column":10},"end":{"line":147,"column":3}}]},"10":{"type":"branch","line":146,"loc":{"start":{"line":146,"column":21},"end":{"line":146,"column":64}},"locations":[{"start":{"line":146,"column":21},"end":{"line":146,"column":64}}]},"11":{"type":"branch","line":149,"loc":{"start":{"line":149,"column":2},"end":{"line":153,"column":3}},"locations":[{"start":{"line":149,"column":2},"end":{"line":153,"column":3}}]},"12":{"type":"branch","line":152,"loc":{"start":{"line":152,"column":11},"end":{"line":152,"column":52}},"locations":[{"start":{"line":152,"column":11},"end":{"line":152,"column":52}}]},"13":{"type":"branch","line":155,"loc":{"start":{"line":155,"column":2},"end":{"line":157,"column":3}},"locations":[{"start":{"line":155,"column":2},"end":{"line":157,"column":3}}]},"14":{"type":"branch","line":159,"loc":{"start":{"line":159,"column":10},"end":{"line":162,"column":3}},"locations":[{"start":{"line":159,"column":10},"end":{"line":162,"column":3}}]},"15":{"type":"branch","line":164,"loc":{"start":{"line":164,"column":2},"end":{"line":166,"column":3}},"locations":[{"start":{"line":164,"column":2},"end":{"line":166,"column":3}}]},"16":{"type":"branch","line":168,"loc":{"start":{"line":168,"column":2},"end":{"line":170,"column":3}},"locations":[{"start":{"line":168,"column":2},"end":{"line":170,"column":3}}]},"17":{"type":"branch","line":173,"loc":{"start":{"line":173,"column":2},"end":{"line":237,"column":3}},"locations":[{"start":{"line":173,"column":2},"end":{"line":237,"column":3}}]},"18":{"type":"branch","line":174,"loc":{"start":{"line":174,"column":43},"end":{"line":174,"column":103}},"locations":[{"start":{"line":174,"column":43},"end":{"line":174,"column":103}}]},"19":{"type":"branch","line":178,"loc":{"start":{"line":178,"column":32},"end":{"line":180,"column":5}},"locations":[{"start":{"line":178,"column":32},"end":{"line":180,"column":5}}]},"20":{"type":"branch","line":180,"loc":{"start":{"line":180,"column":4},"end":{"line":185,"column":35}},"locations":[{"start":{"line":180,"column":4},"end":{"line":185,"column":35}}]},"21":{"type":"branch","line":185,"loc":{"start":{"line":185,"column":35},"end":{"line":194,"column":11}},"locations":[{"start":{"line":185,"column":35},"end":{"line":194,"column":11}}]},"22":{"type":"branch","line":189,"loc":{"start":{"line":189,"column":32},"end":{"line":191,"column":7}},"locations":[{"start":{"line":189,"column":32},"end":{"line":191,"column":7}}]},"23":{"type":"branch","line":194,"loc":{"start":{"line":194,"column":4},"end":{"line":197,"column":5}},"locations":[{"start":{"line":194,"column":4},"end":{"line":197,"column":5}}]},"24":{"type":"branch","line":197,"loc":{"start":{"line":197,"column":4},"end":{"line":236,"column":29}},"locations":[{"start":{"line":197,"column":4},"end":{"line":236,"column":29}}]},"25":{"type":"branch","line":206,"loc":{"start":{"line":206,"column":67},"end":{"line":221,"column":7}},"locations":[{"start":{"line":206,"column":67},"end":{"line":221,"column":7}}]},"26":{"type":"branch","line":207,"loc":{"start":{"line":207,"column":53},"end":{"line":207,"column":66}},"locations":[{"start":{"line":207,"column":53},"end":{"line":207,"column":66}}]},"27":{"type":"branch","line":207,"loc":{"start":{"line":207,"column":62},"end":{"line":207,"column":68}},"locations":[{"start":{"line":207,"column":62},"end":{"line":207,"column":68}}]},"28":{"type":"branch","line":208,"loc":{"start":{"line":208,"column":53},"end":{"line":208,"column":68}},"locations":[{"start":{"line":208,"column":53},"end":{"line":208,"column":68}}]},"29":{"type":"branch","line":208,"loc":{"start":{"line":208,"column":64},"end":{"line":208,"column":70}},"locations":[{"start":{"line":208,"column":64},"end":{"line":208,"column":70}}]},"30":{"type":"branch","line":210,"loc":{"start":{"line":210,"column":60},"end":{"line":220,"column":9}},"locations":[{"start":{"line":210,"column":60},"end":{"line":220,"column":9}}]},"31":{"type":"branch","line":212,"loc":{"start":{"line":212,"column":27},"end":{"line":219,"column":11}},"locations":[{"start":{"line":212,"column":27},"end":{"line":219,"column":11}}]},"32":{"type":"branch","line":239,"loc":{"start":{"line":239,"column":10},"end":{"line":284,"column":3}},"locations":[{"start":{"line":239,"column":10},"end":{"line":284,"column":3}}]},"33":{"type":"branch","line":260,"loc":{"start":{"line":260,"column":33},"end":{"line":260,"column":39}},"locations":[{"start":{"line":260,"column":33},"end":{"line":260,"column":39}}]},"34":{"type":"branch","line":268,"loc":{"start":{"line":268,"column":34},"end":{"line":277,"column":28}},"locations":[{"start":{"line":268,"column":34},"end":{"line":277,"column":28}}]},"35":{"type":"branch","line":269,"loc":{"start":{"line":269,"column":40},"end":{"line":275,"column":7}},"locations":[{"start":{"line":269,"column":40},"end":{"line":275,"column":7}}]},"36":{"type":"branch","line":273,"loc":{"start":{"line":273,"column":33},"end":{"line":273,"column":47}},"locations":[{"start":{"line":273,"column":33},"end":{"line":273,"column":47}}]},"37":{"type":"branch","line":280,"loc":{"start":{"line":280,"column":4},"end":{"line":283,"column":58}},"locations":[{"start":{"line":280,"column":4},"end":{"line":283,"column":58}}]},"38":{"type":"branch","line":245,"loc":{"start":{"line":245,"column":43},"end":{"line":252,"column":5}},"locations":[{"start":{"line":245,"column":43},"end":{"line":252,"column":5}}]},"39":{"type":"branch","line":247,"loc":{"start":{"line":247,"column":48},"end":{"line":247,"column":61}},"locations":[{"start":{"line":247,"column":48},"end":{"line":247,"column":61}}]},"40":{"type":"branch","line":249,"loc":{"start":{"line":249,"column":27},"end":{"line":249,"column":40}},"locations":[{"start":{"line":249,"column":27},"end":{"line":249,"column":40}}]},"41":{"type":"branch","line":250,"loc":{"start":{"line":250,"column":44},"end":{"line":250,"column":69}},"locations":[{"start":{"line":250,"column":44},"end":{"line":250,"column":69}}]},"42":{"type":"branch","line":264,"loc":{"start":{"line":264,"column":25},"end":{"line":264,"column":82}},"locations":[{"start":{"line":264,"column":25},"end":{"line":264,"column":82}}]},"43":{"type":"branch","line":264,"loc":{"start":{"line":264,"column":59},"end":{"line":264,"column":81}},"locations":[{"start":{"line":264,"column":59},"end":{"line":264,"column":81}}]},"44":{"type":"branch","line":272,"loc":{"start":{"line":272,"column":46},"end":{"line":272,"column":66}},"locations":[{"start":{"line":272,"column":46},"end":{"line":272,"column":66}}]},"45":{"type":"branch","line":278,"loc":{"start":{"line":278,"column":30},"end":{"line":278,"column":50}},"locations":[{"start":{"line":278,"column":30},"end":{"line":278,"column":50}}]},"46":{"type":"branch","line":286,"loc":{"start":{"line":286,"column":10},"end":{"line":308,"column":3}},"locations":[{"start":{"line":286,"column":10},"end":{"line":308,"column":3}}]},"47":{"type":"branch","line":289,"loc":{"start":{"line":289,"column":60},"end":{"line":303,"column":5}},"locations":[{"start":{"line":289,"column":60},"end":{"line":303,"column":5}}]},"48":{"type":"branch","line":290,"loc":{"start":{"line":290,"column":39},"end":{"line":290,"column":51}},"locations":[{"start":{"line":290,"column":39},"end":{"line":290,"column":51}}]},"49":{"type":"branch","line":290,"loc":{"start":{"line":290,"column":43},"end":{"line":290,"column":75}},"locations":[{"start":{"line":290,"column":43},"end":{"line":290,"column":75}}]},"50":{"type":"branch","line":300,"loc":{"start":{"line":300,"column":36},"end":{"line":302,"column":7}},"locations":[{"start":{"line":300,"column":36},"end":{"line":302,"column":7}}]},"51":{"type":"branch","line":303,"loc":{"start":{"line":303,"column":4},"end":{"line":307,"column":90}},"locations":[{"start":{"line":303,"column":4},"end":{"line":307,"column":90}}]},"52":{"type":"branch","line":292,"loc":{"start":{"line":292,"column":52},"end":{"line":295,"column":8}},"locations":[{"start":{"line":292,"column":52},"end":{"line":295,"column":8}}]},"53":{"type":"branch","line":298,"loc":{"start":{"line":298,"column":47},"end":{"line":298,"column":76}},"locations":[{"start":{"line":298,"column":47},"end":{"line":298,"column":76}}]},"54":{"type":"branch","line":311,"loc":{"start":{"line":311,"column":10},"end":{"line":407,"column":3}},"locations":[{"start":{"line":311,"column":10},"end":{"line":407,"column":3}}]},"55":{"type":"branch","line":328,"loc":{"start":{"line":328,"column":48},"end":{"line":340,"column":5}},"locations":[{"start":{"line":328,"column":48},"end":{"line":340,"column":5}}]},"56":{"type":"branch","line":330,"loc":{"start":{"line":330,"column":50},"end":{"line":339,"column":7}},"locations":[{"start":{"line":330,"column":50},"end":{"line":339,"column":7}}]},"57":{"type":"branch","line":331,"loc":{"start":{"line":331,"column":21},"end":{"line":338,"column":9}},"locations":[{"start":{"line":331,"column":21},"end":{"line":338,"column":9}}]},"58":{"type":"branch","line":333,"loc":{"start":{"line":333,"column":33},"end":{"line":337,"column":11}},"locations":[{"start":{"line":333,"column":33},"end":{"line":337,"column":11}}]},"59":{"type":"branch","line":335,"loc":{"start":{"line":335,"column":28},"end":{"line":335,"column":46}},"locations":[{"start":{"line":335,"column":28},"end":{"line":335,"column":46}}]},"60":{"type":"branch","line":335,"loc":{"start":{"line":335,"column":41},"end":{"line":335,"column":58}},"locations":[{"start":{"line":335,"column":41},"end":{"line":335,"column":58}}]},"61":{"type":"branch","line":367,"loc":{"start":{"line":367,"column":36},"end":{"line":381,"column":5}},"locations":[{"start":{"line":367,"column":36},"end":{"line":381,"column":5}}]},"62":{"type":"branch","line":378,"loc":{"start":{"line":378,"column":67},"end":{"line":378,"column":122}},"locations":[{"start":{"line":378,"column":67},"end":{"line":378,"column":122}}]},"63":{"type":"branch","line":381,"loc":{"start":{"line":381,"column":4},"end":{"line":406,"column":6}},"locations":[{"start":{"line":381,"column":4},"end":{"line":406,"column":6}}]},"64":{"type":"branch","line":312,"loc":{"start":{"line":312,"column":33},"end":{"line":312,"column":53}},"locations":[{"start":{"line":312,"column":33},"end":{"line":312,"column":53}}]},"65":{"type":"branch","line":315,"loc":{"start":{"line":315,"column":23},"end":{"line":315,"column":78}},"locations":[{"start":{"line":315,"column":23},"end":{"line":315,"column":78}}]},"66":{"type":"branch","line":318,"loc":{"start":{"line":318,"column":26},"end":{"line":322,"column":6}},"locations":[{"start":{"line":318,"column":26},"end":{"line":322,"column":6}}]},"67":{"type":"branch","line":321,"loc":{"start":{"line":321,"column":34},"end":{"line":321,"column":54}},"locations":[{"start":{"line":321,"column":34},"end":{"line":321,"column":54}}]},"68":{"type":"branch","line":343,"loc":{"start":{"line":343,"column":29},"end":{"line":362,"column":6}},"locations":[{"start":{"line":343,"column":29},"end":{"line":362,"column":6}}]},"69":{"type":"branch","line":344,"loc":{"start":{"line":344,"column":43},"end":{"line":344,"column":68}},"locations":[{"start":{"line":344,"column":43},"end":{"line":344,"column":68}}]},"70":{"type":"branch","line":346,"loc":{"start":{"line":346,"column":25},"end":{"line":346,"column":77}},"locations":[{"start":{"line":346,"column":25},"end":{"line":346,"column":77}}]},"71":{"type":"branch","line":346,"loc":{"start":{"line":346,"column":52},"end":{"line":346,"column":76}},"locations":[{"start":{"line":346,"column":52},"end":{"line":346,"column":76}}]},"72":{"type":"branch","line":350,"loc":{"start":{"line":350,"column":16},"end":{"line":357,"column":9}},"locations":[{"start":{"line":350,"column":16},"end":{"line":357,"column":9}}]},"73":{"type":"branch","line":352,"loc":{"start":{"line":352,"column":47},"end":{"line":352,"column":60}},"locations":[{"start":{"line":352,"column":47},"end":{"line":352,"column":60}}]},"74":{"type":"branch","line":352,"loc":{"start":{"line":352,"column":54},"end":{"line":353,"column":49}},"locations":[{"start":{"line":352,"column":54},"end":{"line":353,"column":49}}]},"75":{"type":"branch","line":353,"loc":{"start":{"line":353,"column":42},"end":{"line":353,"column":55}},"locations":[{"start":{"line":353,"column":42},"end":{"line":353,"column":55}}]},"76":{"type":"branch","line":353,"loc":{"start":{"line":353,"column":49},"end":{"line":356,"column":39}},"locations":[{"start":{"line":353,"column":49},"end":{"line":356,"column":39}}]},"77":{"type":"branch","line":356,"loc":{"start":{"line":356,"column":34},"end":{"line":356,"column":56}},"locations":[{"start":{"line":356,"column":34},"end":{"line":356,"column":56}}]},"78":{"type":"branch","line":356,"loc":{"start":{"line":356,"column":51},"end":{"line":356,"column":70}},"locations":[{"start":{"line":356,"column":51},"end":{"line":356,"column":70}}]},"79":{"type":"branch","line":355,"loc":{"start":{"line":355,"column":45},"end":{"line":355,"column":69}},"locations":[{"start":{"line":355,"column":45},"end":{"line":355,"column":69}}]},"80":{"type":"branch","line":361,"loc":{"start":{"line":361,"column":58},"end":{"line":361,"column":78}},"locations":[{"start":{"line":361,"column":58},"end":{"line":361,"column":78}}]},"81":{"type":"branch","line":365,"loc":{"start":{"line":365,"column":43},"end":{"line":365,"column":54}},"locations":[{"start":{"line":365,"column":43},"end":{"line":365,"column":54}}]},"82":{"type":"branch","line":365,"loc":{"start":{"line":365,"column":63},"end":{"line":365,"column":95}},"locations":[{"start":{"line":365,"column":63},"end":{"line":365,"column":95}}]},"83":{"type":"branch","line":368,"loc":{"start":{"line":368,"column":48},"end":{"line":368,"column":66}},"locations":[{"start":{"line":368,"column":48},"end":{"line":368,"column":66}}]},"84":{"type":"branch","line":369,"loc":{"start":{"line":369,"column":45},"end":{"line":369,"column":58}},"locations":[{"start":{"line":369,"column":45},"end":{"line":369,"column":58}}]},"85":{"type":"branch","line":372,"loc":{"start":{"line":372,"column":46},"end":{"line":375,"column":8}},"locations":[{"start":{"line":372,"column":46},"end":{"line":375,"column":8}}]},"86":{"type":"branch","line":384,"loc":{"start":{"line":384,"column":44},"end":{"line":393,"column":5}},"locations":[{"start":{"line":384,"column":44},"end":{"line":393,"column":5}}]},"87":{"type":"branch","line":386,"loc":{"start":{"line":386,"column":50},"end":{"line":391,"column":7}},"locations":[{"start":{"line":386,"column":50},"end":{"line":391,"column":7}}]},"88":{"type":"branch","line":387,"loc":{"start":{"line":387,"column":21},"end":{"line":390,"column":9}},"locations":[{"start":{"line":387,"column":21},"end":{"line":390,"column":9}}]},"89":{"type":"branch","line":388,"loc":{"start":{"line":388,"column":26},"end":{"line":388,"column":44}},"locations":[{"start":{"line":388,"column":26},"end":{"line":388,"column":44}}]},"90":{"type":"branch","line":388,"loc":{"start":{"line":388,"column":39},"end":{"line":388,"column":56}},"locations":[{"start":{"line":388,"column":39},"end":{"line":388,"column":56}}]},"91":{"type":"branch","line":389,"loc":{"start":{"line":389,"column":34},"end":{"line":389,"column":47}},"locations":[{"start":{"line":389,"column":34},"end":{"line":389,"column":47}}]},"92":{"type":"branch","line":389,"loc":{"start":{"line":389,"column":37},"end":{"line":389,"column":50}},"locations":[{"start":{"line":389,"column":37},"end":{"line":389,"column":50}}]},"93":{"type":"branch","line":395,"loc":{"start":{"line":395,"column":26},"end":{"line":395,"column":53}},"locations":[{"start":{"line":395,"column":26},"end":{"line":395,"column":53}}]},"94":{"type":"branch","line":409,"loc":{"start":{"line":409,"column":10},"end":{"line":489,"column":3}},"locations":[{"start":{"line":409,"column":10},"end":{"line":489,"column":3}}]},"95":{"type":"branch","line":411,"loc":{"start":{"line":411,"column":48},"end":{"line":425,"column":5}},"locations":[{"start":{"line":411,"column":48},"end":{"line":425,"column":5}}]},"96":{"type":"branch","line":413,"loc":{"start":{"line":413,"column":50},"end":{"line":424,"column":7}},"locations":[{"start":{"line":413,"column":50},"end":{"line":424,"column":7}}]},"97":{"type":"branch","line":415,"loc":{"start":{"line":415,"column":56},"end":{"line":421,"column":15}},"locations":[{"start":{"line":415,"column":56},"end":{"line":421,"column":15}}]},"98":{"type":"branch","line":421,"loc":{"start":{"line":421,"column":8},"end":{"line":423,"column":9}},"locations":[{"start":{"line":421,"column":8},"end":{"line":423,"column":9}}]},"99":{"type":"branch","line":427,"loc":{"start":{"line":427,"column":56},"end":{"line":452,"column":5}},"locations":[{"start":{"line":427,"column":56},"end":{"line":452,"column":5}}]},"100":{"type":"branch","line":436,"loc":{"start":{"line":436,"column":47},"end":{"line":436,"column":60}},"locations":[{"start":{"line":436,"column":47},"end":{"line":436,"column":60}}]},"101":{"type":"branch","line":436,"loc":{"start":{"line":436,"column":56},"end":{"line":436,"column":62}},"locations":[{"start":{"line":436,"column":56},"end":{"line":436,"column":62}}]},"102":{"type":"branch","line":437,"loc":{"start":{"line":437,"column":47},"end":{"line":437,"column":62}},"locations":[{"start":{"line":437,"column":47},"end":{"line":437,"column":62}}]},"103":{"type":"branch","line":437,"loc":{"start":{"line":437,"column":58},"end":{"line":437,"column":64}},"locations":[{"start":{"line":437,"column":58},"end":{"line":437,"column":64}}]},"104":{"type":"branch","line":439,"loc":{"start":{"line":439,"column":53},"end":{"line":449,"column":7}},"locations":[{"start":{"line":439,"column":53},"end":{"line":449,"column":7}}]},"105":{"type":"branch","line":444,"loc":{"start":{"line":444,"column":43},"end":{"line":446,"column":11}},"locations":[{"start":{"line":444,"column":43},"end":{"line":446,"column":11}}]},"106":{"type":"branch","line":462,"loc":{"start":{"line":462,"column":59},"end":{"line":469,"column":8}},"locations":[{"start":{"line":462,"column":59},"end":{"line":469,"column":8}}]},"107":{"type":"branch","line":463,"loc":{"start":{"line":463,"column":14},"end":{"line":469,"column":7}},"locations":[{"start":{"line":463,"column":14},"end":{"line":469,"column":7}}]},"108":{"type":"branch","line":464,"loc":{"start":{"line":464,"column":27},"end":{"line":464,"column":39}},"locations":[{"start":{"line":464,"column":27},"end":{"line":464,"column":39}}]},"109":{"type":"branch","line":464,"loc":{"start":{"line":464,"column":34},"end":{"line":468,"column":10}},"locations":[{"start":{"line":464,"column":34},"end":{"line":468,"column":10}}]},"110":{"type":"branch","line":472,"loc":{"start":{"line":472,"column":62},"end":{"line":479,"column":6}},"locations":[{"start":{"line":472,"column":62},"end":{"line":479,"column":6}}]},"111":{"type":"branch","line":478,"loc":{"start":{"line":478,"column":41},"end":{"line":478,"column":55}},"locations":[{"start":{"line":478,"column":41},"end":{"line":478,"column":55}}]},"112":{"type":"branch","line":491,"loc":{"start":{"line":491,"column":10},"end":{"line":567,"column":3}},"locations":[{"start":{"line":491,"column":10},"end":{"line":567,"column":3}}]},"113":{"type":"branch","line":492,"loc":{"start":{"line":492,"column":29},"end":{"line":492,"column":36}},"locations":[{"start":{"line":492,"column":29},"end":{"line":492,"column":36}}]},"114":{"type":"branch","line":499,"loc":{"start":{"line":499,"column":48},"end":{"line":506,"column":5}},"locations":[{"start":{"line":499,"column":48},"end":{"line":506,"column":5}}]},"115":{"type":"branch","line":500,"loc":{"start":{"line":500,"column":49},"end":{"line":505,"column":7}},"locations":[{"start":{"line":500,"column":49},"end":{"line":505,"column":7}}]},"116":{"type":"branch","line":502,"loc":{"start":{"line":502,"column":18},"end":{"line":504,"column":9}},"locations":[{"start":{"line":502,"column":18},"end":{"line":504,"column":9}}]},"117":{"type":"branch","line":569,"loc":{"start":{"line":569,"column"
[...]
olumn":0},"end":{"line":853,"column":44}},"853":{"start":{"line":854,"column":0},"end":{"line":854,"column":26}},"854":{"start":{"line":855,"column":0},"end":{"line":855,"column":23}},"855":{"start":{"line":856,"column":0},"end":{"line":856,"column":5}},"856":{"start":{"line":857,"column":0},"end":{"line":857,"column":0}},"857":{"start":{"line":858,"column":0},"end":{"line":858,"column":47}},"858":{"start":{"line":859,"column":0},"end":{"line":859,"column":41}},"859":{"start":{"line":860,"column":0},"end":{"line":860,"column":47}},"860":{"start":{"line":861,"column":0},"end":{"line":861,"column":5}},"861":{"start":{"line":862,"column":0},"end":{"line":862,"column":0}},"862":{"start":{"line":863,"column":0},"end":{"line":863,"column":51}},"863":{"start":{"line":864,"column":0},"end":{"line":864,"column":56}},"864":{"start":{"line":865,"column":0},"end":{"line":865,"column":16}},"865":{"start":{"line":866,"column":0},"end":{"line":866,"column":43}},"866":{"start":{"line":867,"column":0},"end":{"line":867,"column":11}},"867":{"start":{"line":868,"column":0},"end":{"line":868,"column":81}},"868":{"start":{"line":869,"column":0},"end":{"line":869,"column":26}},"869":{"start":{"line":870,"column":0},"end":{"line":870,"column":45}},"870":{"start":{"line":871,"column":0},"end":{"line":871,"column":29}},"871":{"start":{"line":872,"column":0},"end":{"line":872,"column":79}},"872":{"start":{"line":873,"column":0},"end":{"line":873,"column":19}},"873":{"start":{"line":874,"column":0},"end":{"line":874,"column":11}},"874":{"start":{"line":875,"column":0},"end":{"line":875,"column":30}},"875":{"start":{"line":876,"column":0},"end":{"line":876,"column":34}},"876":{"start":{"line":877,"column":0},"end":{"line":877,"column":34}},"877":{"start":{"line":878,"column":0},"end":{"line":878,"column":16}},"878":{"start":{"line":879,"column":0},"end":{"line":879,"column":50}},"879":{"start":{"line":880,"column":0},"end":{"line":880,"column":17}},"880":{"start":{"line":881,"column":0},"end":{"line":881,"column":9}},"881":{"start":{"line":882,"column":0},"end":{"line":882,"column":23}},"882":{"start":{"line":883,"column":0},"end":{"line":883,"column":48}},"883":{"start":{"line":884,"column":0},"end":{"line":884,"column":15}},"884":{"start":{"line":885,"column":0},"end":{"line":885,"column":7}},"885":{"start":{"line":886,"column":0},"end":{"line":886,"column":5}},"886":{"start":{"line":887,"column":0},"end":{"line":887,"column":41}},"887":{"start":{"line":888,"column":0},"end":{"line":888,"column":47}},"888":{"start":{"line":889,"column":0},"end":{"line":889,"column":5}},"889":{"start":{"line":890,"column":0},"end":{"line":890,"column":0}},"890":{"start":{"line":891,"column":0},"end":{"line":891,"column":49}},"891":{"start":{"line":892,"column":0},"end":{"line":892,"column":28}},"892":{"start":{"line":893,"column":0},"end":{"line":893,"column":24}},"893":{"start":{"line":894,"column":0},"end":{"line":894,"column":36}},"894":{"start":{"line":895,"column":0},"end":{"line":895,"column":26}},"895":{"start":{"line":896,"column":0},"end":{"line":896,"column":5}},"896":{"start":{"line":897,"column":0},"end":{"line":897,"column":5}},"897":{"start":{"line":898,"column":0},"end":{"line":898,"column":1}},"898":{"start":{"line":899,"column":0},"end":{"line":899,"column":0}},"899":{"start":{"line":900,"column":0},"end":{"line":900,"column":14}},"900":{"start":{"line":901,"column":0},"end":{"line":901,"column":30}},"901":{"start":{"line":902,"column":0},"end":{"line":902,"column":64}},"902":{"start":{"line":903,"column":0},"end":{"line":903,"column":21}},"903":{"start":{"line":904,"column":0},"end":{"line":904,"column":56}},"904":{"start":{"line":905,"column":0},"end":{"line":905,"column":30}},"905":{"start":{"line":906,"column":0},"end":{"line":906,"column":1}},"906":{"start":{"line":907,"column":0},"end":{"line":907,"column":0}},"907":{"start":{"line":908,"column":0},"end":{"line":908,"column":15}},"908":{"start":{"line":909,"column":0},"end":{"line":909,"column":60}},"909":{"start":{"line":910,"column":0},"end":{"line":910,"column":74}},"910":{"start":{"line":911,"column":0},"end":{"line":911,"column":47}},"911":{"start":{"line":912,"column":0},"end":{"line":912,"column":41}},"912":{"start":{"line":913,"column":0},"end":{"line":913,"column":1}},"913":{"start":{"line":914,"column":0},"end":{"line":914,"column":0}},"914":{"start":{"line":915,"column":0},"end":{"line":915,"column":46}},"915":{"start":{"line":916,"column":0},"end":{"line":916,"column":35}},"916":{"start":{"line":917,"column":0},"end":{"line":917,"column":1}},"917":{"start":{"line":918,"column":0},"end":{"line":918,"column":0}},"918":{"start":{"line":919,"column":0},"end":{"line":919,"column":48}},"919":{"start":{"line":920,"column":0},"end":{"line":920,"column":44}},"920":{"start":{"line":921,"column":0},"end":{"line":921,"column":59}},"921":{"start":{"line":922,"column":0},"end":{"line":922,"column":34}},"922":{"start":{"line":923,"column":0},"end":{"line":923,"column":1}},"923":{"start":{"line":924,"column":0},"end":{"line":924,"column":0}},"924":{"start":{"line":925,"column":0},"end":{"line":925,"column":45}},"925":{"start":{"line":926,"column":0},"end":{"line":926,"column":7}},"926":{"start":{"line":927,"column":0},"end":{"line":927,"column":87}},"927":{"start":{"line":928,"column":0},"end":{"line":928,"column":22}},"928":{"start":{"line":929,"column":0},"end":{"line":929,"column":41}},"929":{"start":{"line":930,"column":0},"end":{"line":930,"column":28}},"930":{"start":{"line":931,"column":0},"end":{"line":931,"column":5}},"931":{"start":{"line":932,"column":0},"end":{"line":932,"column":19}},"932":{"start":{"line":933,"column":0},"end":{"line":933,"column":50}},"933":{"start":{"line":934,"column":0},"end":{"line":934,"column":3}},"934":{"start":{"line":935,"column":0},"end":{"line":935,"column":11}},"935":{"start":{"line":936,"column":0},"end":{"line":936,"column":1}},"936":{"start":{"line":937,"column":0},"end":{"line":937,"column":0}},"937":{"start":{"line":938,"column":0},"end":{"line":938,"column":74}},"938":{"start":{"line":939,"column":0},"end":{"line":939,"column":59}},"939":{"start":{"line":940,"column":0},"end":{"line":940,"column":48}},"940":{"start":{"line":941,"column":0},"end":{"line":941,"column":7}},"941":{"start":{"line":942,"column":0},"end":{"line":942,"column":82}},"942":{"start":{"line":943,"column":0},"end":{"line":943,"column":22}},"943":{"start":{"line":944,"column":0},"end":{"line":944,"column":41}},"944":{"start":{"line":945,"column":0},"end":{"line":945,"column":34}},"945":{"start":{"line":946,"column":0},"end":{"line":946,"column":41}},"946":{"start":{"line":947,"column":0},"end":{"line":947,"column":50}},"947":{"start":{"line":948,"column":0},"end":{"line":948,"column":19}},"948":{"start":{"line":949,"column":0},"end":{"line":949,"column":12}},"949":{"start":{"line":950,"column":0},"end":{"line":950,"column":40}},"950":{"start":{"line":951,"column":0},"end":{"line":951,"column":15}},"951":{"start":{"line":952,"column":0},"end":{"line":952,"column":5}},"952":{"start":{"line":953,"column":0},"end":{"line":953,"column":19}},"953":{"start":{"line":954,"column":0},"end":{"line":954,"column":38}},"954":{"start":{"line":955,"column":0},"end":{"line":955,"column":13}},"955":{"start":{"line":956,"column":0},"end":{"line":956,"column":3}},"956":{"start":{"line":957,"column":0},"end":{"line":957,"column":1}},"957":{"start":{"line":958,"column":0},"end":{"line":958,"column":0}},"958":{"start":{"line":959,"column":0},"end":{"line":959,"column":43}},"959":{"start":{"line":960,"column":0},"end":{"line":960,"column":37}},"960":{"start":{"line":961,"column":0},"end":{"line":961,"column":39}},"961":{"start":{"line":962,"column":0},"end":{"line":962,"column":0}},"962":{"start":{"line":963,"column":0},"end":{"line":963,"column":44}},"963":{"start":{"line":964,"column":0},"end":{"line":964,"column":42}},"964":{"start":{"line":965,"column":0},"end":{"line":965,"column":56}},"965":{"start":{"line":966,"column":0},"end":{"line":966,"column":44}},"966":{"start":{"line":967,"column":0},"end":{"line":967,"column":1}},"967":{"start":{"line":968,"column":0},"end":{"line":968,"column":0}},"968":{"start":{"line":969,"column":0},"end":{"line":969,"column":51}},"969":{"start":{"line":970,"column":0},"end":{"line":970,"column":33}},"970":{"start":{"line":971,"column":0},"end":{"line":971,"column":21}},"971":{"start":{"line":972,"column":0},"end":{"line":972,"column":1}},"972":{"start":{"line":973,"column":0},"end":{"line":973,"column":0}},"973":{"start":{"line":974,"column":0},"end":{"line":974,"column":43}},"974":{"start":{"line":975,"column":0},"end":{"line":975,"column":7}},"975":{"start":{"line":976,"column":0},"end":{"line":976,"column":93}},"976":{"start":{"line":977,"column":0},"end":{"line":977,"column":21}},"977":{"start":{"line":978,"column":0},"end":{"line":978,"column":7}},"978":{"start":{"line":979,"column":0},"end":{"line":979,"column":22}},"979":{"start":{"line":980,"column":0},"end":{"line":980,"column":41}},"980":{"start":{"line":981,"column":0},"end":{"line":981,"column":30}},"981":{"start":{"line":982,"column":0},"end":{"line":982,"column":5}},"982":{"start":{"line":983,"column":0},"end":{"line":983,"column":19}},"983":{"start":{"line":984,"column":0},"end":{"line":984,"column":50}},"984":{"start":{"line":985,"column":0},"end":{"line":985,"column":3}},"985":{"start":{"line":986,"column":0},"end":{"line":986,"column":1}},"986":{"start":{"line":987,"column":0},"end":{"line":987,"column":0}},"987":{"start":{"line":988,"column":0},"end":{"line":988,"column":19}},"988":{"start":{"line":989,"column":0},"end":{"line":989,"column":22}},"989":{"start":{"line":990,"column":0},"end":{"line":990,"column":61}},"990":{"start":{"line":991,"column":0},"end":{"line":991,"column":48}},"991":{"start":{"line":992,"column":0},"end":{"line":992,"column":31}},"992":{"start":{"line":993,"column":0},"end":{"line":993,"column":46}},"993":{"start":{"line":994,"column":0},"end":{"line":994,"column":3}},"994":{"start":{"line":995,"column":0},"end":{"line":995,"column":1}},"995":{"start":{"line":996,"column":0},"end":{"line":996,"column":0}},"996":{"start":{"line":997,"column":0},"end":{"line":997,"column":24}},"997":{"start":{"line":998,"column":0},"end":{"line":998,"column":63}},"998":{"start":{"line":999,"column":0},"end":{"line":999,"column":70}},"999":{"start":{"line":1000,"column":0},"end":{"line":1000,"column":1}},"1000":{"start":{"line":1001,"column":0},"end":{"line":1001,"column":0}},"1001":{"start":{"line":1002,"column":0},"end":{"line":1002,"column":45}},"1002":{"start":{"line":1003,"column":0},"end":{"line":1003,"column":12}},"1003":{"start":{"line":1004,"column":0},"end":{"line":1004,"column":0}},"1004":{"start":{"line":1005,"column":0},"end":{"line":1005,"column":48}},"1005":{"start":{"line":1006,"column":0},"end":{"line":1006,"column":33}},"1006":{"start":{"line":1007,"column":0},"end":{"line":1007,"column":24}},"1007":{"start":{"line":1008,"column":0},"end":{"line":1008,"column":17}},"1008":{"start":{"line":1009,"column":0},"end":{"line":1009,"column":0}},"1009":{"start":{"line":1010,"column":0},"end":{"line":1010,"column":47}},"1010":{"start":{"line":1011,"column":0},"end":{"line":1011,"column":20}},"1011":{"start":{"line":1012,"column":0},"end":{"line":1012,"column":0}},"1012":{"start":{"line":1013,"column":0},"end":{"line":1013,"column":17}},"1013":{"start":{"line":1014,"column":0},"end":{"line":1014,"column":7}},"1014":{"start":{"line":1015,"column":0},"end":{"line":1015,"column":37}}},"s":{"0":0,"1":0,"2":0,"3":0,"4":0,"5":0,"6":0,"7":0,"8":0,"9":0,"10":0,"11":0,"12":0,"13":0,"14":0,"15":0,"16":0,"17":0,"18":0,"19":0,"20":0,"21":0,"22":0,"23":0,"24":0,"25":0,"26":0,"27":0,"28":0,"29":0,"30":0,"31":0,"32":0,"33":0,"34":0,"35":0,"36":0,"37":0,"38":0,"39":0,"40":0,"41":0,"42":0,"43":0,"44":0,"45":0,"46":0,"47":0,"48":0,"49":0,"50":0,"51":0,"52":0,"53":0,"54":0,"55":0,"56":0,"57":0,"58":0,"59":0,"60":0,"61":0,"62":0,"63":0,"64":0,"65":0,"66":0,"67":0,"68":0,"69":0,"70":0,"71":0,"72":0,"73":0,"74":0,"75":0,"76":0,"77":0,"78":0,"79":0,"80":0,"81":0,"82":0,"83":0,"84":0,"85":0,"86":0,"87":0,"88":0,"89":0,"90":0,"91":0,"92":0,"93":0,"94":0,"95":0,"96":0,"97":0,"98":0,"99":0,"100":0,"101":0,"102":0,"103":0,"104":0,"105":0,"106":0,"107":0,"108":0,"109":0,"110":0,"111":0,"112":0,"113":0,"114":0,"115":0,"116":0,"117":0,"118":0,"119":0,"120":0,"121":0,"122":0,"123":0,"124":0,"125":0,"126":0,"127":0,"128":0,"129":0,"130":0,"131":0,"132":0,"133":0,"134":0,"135":0,"136":0,"137":0,"138":0,"139":0,"140":0,"141":0,"142":0,"143":0,"144":0,"145":0,"146":0,"147":0,"148":0,"149":0,"150":0,"151":0,"152":0,"153":0,"154":0,"155":0,"156":0,"157":0,"158":0,"159":0,"160":0,"161":0,"162":0,"163":0,"164":0,"165":0,"166":0,"167":0,"168":0,"169":0,"170":0,"171":0,"172":0,"173":0,"174":0,"175":0,"176":0,"177":0,"178":0,"179":0,"180":0,"181":0,"182":0,"183":0,"184":0,"185":0,"186":0,"187":0,"188":0,"189":0,"190":0,"191":0,"192":0,"193":0,"194":0,"195":0,"196":0,"197":0,"198":0,"199":0,"200":0,"201":0,"202":0,"203":0,"204":0,"205":0,"206":0,"207":0,"208":0,"209":0,"210":0,"211":0,"212":0,"213":0,"214":0,"215":0,"216":0,"217":0,"218":0,"219":0,"220":0,"221":0,"222":0,"223":0,"224":0,"225":0,"226":0,"227":0,"228":0,"229":0,"230":0,"231":0,"232":0,"233":0,"234":0,"235":0,"236":0,"237":0,"238":0,"239":0,"240":0,"241":0,"242":0,"243":0,"244":0,"245":0,"246":0,"247":0,"248":0,"249":0,"250":0,"251":0,"252":0,"253":0,"254":0,"255":0,"256":0,"257":0,"258":0,"259":0,"260":0,"261":0,"262":0,"263":0,"264":0,"265":0,"266":0,"267":0,"268":0,"269":0,"270":0,"271":0,"272":0,"273":0,"274":0,"275":0,"276":0,"277":0,"278":0,"279":0,"280":0,"281":0,"282":0,"283":0,"284":0,"285":0,"286":0,"287":0,"288":0,"289":0,"290":0,"291":0,"292":0,"293":0,"294":0,"295":0,"296":0,"297":0,"298":0,"299":0,"300":0,"301":0,"302":0,"303":0,"304":0,"305":0,"306":0,"307":0,"308":0,"309":0,"310":0,"311":0,"312":0,"313":0,"314":0,"315":0,"316":0,"317":0,"318":0,"319":0,"320":0,"321":0,"322":0,"323":0,"324":0,"325":0,"326":0,"327":0,"328":0,"329":0,"330":0,"331":0,"332":0,"333":0,"334":0,"335":0,"336":0,"337":0,"338":0,"339":0,"340":0,"341":0,"342":0,"343":0,"344":0,"345":0,"346":0,"347":0,"348":0,"349":0,"350":0,"351":0,"352":0,"353":0,"354":0,"355":0,"356":0,"357":0,"358":0,"359":0,"360":0,"361":0,"362":0,"363":0,"364":0,"365":0,"366":0,"367":0,"368":0,"369":0,"370":0,"371":0,"372":0,"373":0,"374":0,"375":0,"376":0,"377":0,"378":0,"379":0,"380":0,"381":0,"382":0,"383":0,"384":0,"385":0,"386":0,"387":0,"388":0,"389":0,"390":0,"391":0,"392":0,"393":0,"394":0,"395":0,"396":0,"397":0,"398":0,"399":0,"400":0,"401":0,"402":0,"403":0,"404":0,"405":0,"406":0,"407":0,"408":0,"409":0,"410":0,"411":0,"412":0,"413":0,"414":0,"415":0,"416":0,"417":0,"418":0,"419":0,"420":0,"421":0,"422":0,"423":0,"424":0,"425":0,"426":0,"427":0,"428":0,"429":0,"430":0,"431":0,"432":0,"433":0,"434":0,"435":0,"436":0,"437":0,"438":0,"439":0,"440":0,"441":0,"442":0,"443":0,"444":0,"445":0,"446":0,"447":0,"448":0,"449":0,"450":0,"451":0,"452":0,"453":0,"454":0,"455":0,"456":0,"457":0,"458":0,"459":0,"460":0,"461":0,"462":0,"463":0,"464":0,"465":0,"466":0,"467":0,"468":0,"469":0,"470":0,"471":0,"472":0,"473":0,"474":0,"475":0,"476":0,"477":0,"478":0,"479":0,"480":0,"481":0,"482":0,"483":0,"484":0,"485":0,"486":0,"487":0,"488":0,"489":0,"490":0,"491":0,"492":0,"493":0,"494":0,"495":0,"496":0,"497":0,"498":0,"499":0,"500":0,"501":0,"502":0,"503":0,"504":0,"505":0,"506":0,"507":0,"508":0,"509":0,"510":0,"511":0,"512":0,"513":0,"514":0,"515":0,"516":0,"517":0,"518":0,"519":0,"520":0,"521":0,"522":0,"523":0,"524":0,"525":0,"526":0,"527":0,"528":0,"529":0,"530":0,"531":0,"532":0,"533":0,"534":0,"535":0,"536":0,"537":0,"538":0,"539":0,"540":0,"541":0,"542":0,"543":0,"544":0,"545":0,"546":0,"547":0,"548":0,"549":0,"550":0,"551":0,"552":0,"553":0,"554":0,"555":0,"556":0,"557":0,"558":0,"559":0,"560":0,"561":0,"562":0,"563":0,"564":0,"565":0,"566":0,"567":0,"568":0,"569":0,"570":0,"571":0,"572":0,"573":0,"574":0,"575":0,"576":0,"577":0,"578":0,"579":0,"580":0,"581":0,"582":0,"583":0,"584":0,"585":0,"586":0,"587":0,"588":0,"589":0,"590":0,"591":0,"592":0,"593":0,"594":0,"595":0,"596":0,"597":0,"598":0,"599":0,"600":0,"601":0,"602":0,"603":0,"604":0,"605":0,"606":0,"607":0,"608":0,"609":0,"610":0,"611":0,"612":0,"613":0,"614":0,"615":0,"616":0,"617":0,"618":0,"619":0,"620":0,"621":0,"622":0,"623":0,"624":0,"625":0,"626":0,"627":0,"628":0,"629":0,"630":0,"631":0,"632":0,"633":0,"634":0,"635":0,"636":0,"637":0,"638":0,"639":0,"640":0,"641":0,"642":0,"643":0,"644":0,"645":0,"646":0,"647":0,"648":0,"649":0,"650":0,"651":0,"652":0,"653":0,"654":0,"655":0,"656":0,"657":0,"658":0,"659":0,"660":0,"661":0,"662":0,"663":0,"664":0,"665":0,"666":0,"667":0,"668":0,"669":0,"670":0,"671":0,"672":0,"673":0,"674":0,"675":0,"676":0,"677":0,"678":0,"679":0,"680":0,"681":0,"682":0,"683":0,"684":0,"685":0,"686":0,"687":0,"688":0,"689":0,"690":0,"691":0,"692":0,"693":0,"694":0,"695":0,"696":0,"697":0,"698":0,"699":0,"700":0,"701":0,"702":0,"703":0,"704":0,"705":0,"706":0,"707":0,"708":0,"709":0,"710":0,"711":0,"712":0,"713":0,"714":0,"715":0,"716":0,"717":0,"718":0,"719":0,"720":0,"721":0,"722":0,"723":0,"724":0,"725":0,"726":0,"727":0,"728":0,"729":0,"730":0,"731":0,"732":0,"733":0,"734":0,"735":0,"736":0,"737":0,"738":0,"739":0,"740":0,"741":0,"742":0,"743":0,"744":0,"745":0,"746":0,"747":0,"748":0,"749":0,"750":0,"751":0,"752":0,"753":0,"754":0,"755":0,"756":0,"757":0,"758":0,"759":0,"760":0,"761":0,"762":0,"763":0,"764":0,"765":0,"766":0,"767":0,"768":0,"769":0,"770":0,"771":0,"772":0,"773":0,"774":0,"775":0,"776":0,"777":0,"778":0,"779":0,"780":0,"781":0,"782":0,"783":0,"784":0,"785":0,"786":0,"787":0,"788":0,"789":0,"790":0,"791":0,"792":0,"793":0,"794":0,"795":0,"796":0,"797":0,"798":0,"799":0,"800":0,"801":0,"802":0,"803":0,"804":0,"805":0,"806":0,"807":0,"808":0,"809":0,"810":0,"811":0,"812":0,"813":0,"814":0,"815":0,"816":0,"817":0,"818":0,"819":0,"820":0,"821":0,"822":0,"823":0,"824":0,"825":0,"826":0,"827":0,"828":0,"829":0,"830":0,"831":0,"832":0,"833":0,"834":0,"835":0,"836":0,"837":0,"838":0,"839":0,"840":0,"841":0,"842":0,"843":0,"844":0,"845":0,"846":0,"847":0,"848":0,"849":0,"850":0,"851":0,"852":0,"853":0,"854":0,"855":0,"856":0,"857":0,"858":0,"859":0,"860":0,"861":0,"862":0,"863":0,"864":0,"865":0,"866":0,"867":0,"868":0,"869":0,"870":0,"871":0,"872":0,"873":0,"874":0,"875":0,"876":0,"877":0,"878":0,"879":0,"880":0,"881":0,"882":0,"883":0,"884":0,"885":0,"886":0,"887":0,"888":0,"889":0,"890":0,"891":0,"892":0,"893":0,"894":0,"895":0,"896":0,"897":0,"898":0,"899":0,"900":0,"901":0,"902":0,"903":0,"904":0,"905":0,"906":0,"907":0,"908":0,"909":0,"910":0,"911":0,"912":0,"913":0,"914":0,"915":0,"916":0,"917":0,"918":0,"919":0,"920":0,"921":0,"922":0,"923":0,"924":0,"925":0,"926":0,"927":0,"928":0,"929":0,"930":0,"931":0,"932":0,"933":0,"934":0,"935":0,"936":0,"937":0,"938":0,"939":0,"940":0,"941":0,"942":0,"943":0,"944":0,"945":0,"946":0,"947":0,"948":0,"949":0,"950":0,"951":0,"952":0,"953":0,"954":0,"955":0,"956":0,"957":0,"958":0,"959":0,"960":0,"961":0,"962":0,"963":0,"964":0,"965":0,"966":0,"967":0,"968":0,"969":0,"970":0,"971":0,"972":0,"973":0,"974":0,"975":0,"976":0,"977":0,"978":0,"979":0,"980":0,"981":0,"982":0,"983":0,"984":0,"985":0,"986":0,"987":0,"988":0,"989":0,"990":0,"991":0,"992":0,"993":0,"994":0,"995":0,"996":0,"997":0,"998":0,"999":0,"1000":0,"1001":0,"1002":0,"1003":0,"1004":0,"1005":0,"1006":0,"1007":0,"1008":0,"1009":0,"1010":0,"1011":0,"1012":0,"1013":0,"1014":0},"branchMap":{"0":{"type":"branch","line":1,"loc":{"start":{"line":1,"column":34178},"end":{"line":1015,"column":37}},"locations":[{"start":{"line":1,"column":34178},"end":{"line":1015,"column":37}}]}},"b":{"0":[0]},"fnMap":{"0":{"name":"(empty-report)","decl":{"start":{"line":1,"column":34178},"end":{"line":1015,"column":37}},"loc":{"start":{"line":1,"column":34178},"end":{"line":1015,"column":37}},"line":1}},"f":{"0":0}}
}
