TN:
SF:src/bot.ts
FN:78,<instance_members_initializer>
FN:81,SeededRandom
FN:85,next
FN:90,nextInt
FN:94,shuffle
FN:104,<instance_members_initializer>
FN:113,BotGame
FN:119,createInitialState
FN:143,formatBotName
FN:149,onStateChange
FN:155,onHintUsed
FN:159,updateState
FN:164,getState
FN:168,getBotName
FN:173,submitWords
FN:239,pickBotWords
FN:286,generateGrid
FN:311,analyzeWordConnectivity
FN:315,getLetters
FN:318,sharedLetters
FN:343,findReplacements
FN:409,buildGrids
FN:491,startBotSolving
FN:518,solveNextBatch
FN:569,countTotalCells
FN:580,updateCell
FN:614,requestHint
FN:659,endGame
FN:725,playAgain
FN:734,destroy
FNF:30
FNH:24
FNDA:27,<instance_members_initializer>
FNDA:27,SeededRandom
FNDA:344,next
FNDA:9,nextInt
FNDA:60,shuffle
FNDA:27,<instance_members_initializer>
FNDA:27,BotGame
FNDA:27,createInitialState
FNDA:27,formatBotName
FNDA:4,onStateChange
FNDA:1,onHintUsed
FNDA:9,updateState
FNDA:22,getState
FNDA:2,getBotName
FNDA:11,submitWords
FNDA:10,pickBotWords
FNDA:21,generateGrid
FNDA:3,analyzeWordConnectivity
FNDA:101,getLetters
FNDA:36,sharedLetters
FNDA:3,findReplacements
FNDA:18,buildGrids
FNDA:9,startBotSolving
FNDA:0,solveNextBatch
FNDA:9,countTotalCells
FNDA:0,updateCell
FNDA:0,requestHint
FNDA:0,endGame
FNDA:0,playAgain
FNDA:0,destroy
DA:1,1
DA:2,1
DA:3,1
DA:4,1
DA:5,1
DA:6,1
DA:7,1
DA:8,1
DA:9,1
DA:10,1
DA:11,1
DA:12,1
DA:13,1
DA:14,1
DA:15,1
DA:16,1
DA:17,1
DA:18,1
DA:19,1
DA:20,1
DA:21,1
DA:22,1
DA:23,1
DA:24,1
DA:25,1
DA:26,1
DA:27,1
DA:28,1
DA:29,1
DA:30,1
DA:31,1
DA:32,1
DA:33,1
DA:34,1
DA:35,1
DA:36,1
DA:37,1
DA:38,1
DA:39,1
DA:40,1
DA:41,1
DA:42,1
DA:43,1
DA:44,1
DA:45,1
DA:46,1
DA:47,1
DA:48,1
DA:49,1
DA:50,1
DA:51,1
DA:52,1
DA:53,1
DA:54,1
DA:55,1
DA:56,1
DA:57,1
DA:58,1
DA:59,1
DA:60,1
DA:61,1
DA:62,1
DA:63,1
DA:64,1
DA:65,1
DA:66,1
DA:67,1
DA:68,1
DA:69,1
DA:70,1
DA:71,1
DA:72,1
DA:73,1
DA:74,1
DA:75,1
DA:76,1
DA:77,1
DA:78,27
DA:79,27
DA:80,27
DA:81,27
DA:82,27
DA:83,27
DA:84,27
DA:85,27
DA:86,344
DA:87,344
DA:88,344
DA:89,27
DA:90,27
DA:91,9
DA:92,9
DA:93,27
DA:94,27
DA:95,60
DA:96,60
DA:97,335
DA:98,335
DA:99,335
DA:100,60
DA:101,60
DA:102,27
DA:103,1
DA:104,1
DA:105,27
DA:106,27
DA:107,27
DA:108,27
DA:109,27
DA:110,27
DA:111,27
DA:112,27
DA:113,27
DA:114,27
DA:115,27
DA:116,27
DA:117,27
DA:118,27
DA:119,27
DA:120,27
DA:121,27
DA:122,27
DA:123,27
DA:124,27
DA:125,27
DA:126,27
DA:127,27
DA:128,27
DA:129,27
DA:130,27
DA:131,27
DA:132,27
DA:133,27
DA:134,27
DA:135,27
DA:136,27
DA:137,27
DA:138,27
DA:139,27
DA:140,27
DA:141,27
DA:142,27
DA:143,27
DA:144,27
DA:145,27
DA:146,27
DA:147,27
DA:148,27
DA:149,27
DA:150,4
DA:151,4
DA:152,4
DA:153,4
DA:154,27
DA:155,27
DA:156,1
DA:157,1
DA:158,27
DA:159,27
DA:160,9
DA:161,9
DA:162,9
DA:163,27
DA:164,27
DA:165,22
DA:166,22
DA:167,27
DA:168,27
DA:169,2
DA:170,2
DA:171,27
DA:172,27
DA:173,27
DA:174,11
DA:175,11
DA:176,11
DA:177,11
DA:178,11
DA:179,2
DA:180,2
DA:181,9
DA:182,9
DA:183,9
DA:184,9
DA:185,11
DA:186,1
DA:187,1
DA:188,1
DA:189,1
DA:190,0
DA:191,0
DA:192,1
DA:193,1
DA:194,11
DA:195,8
DA:196,8
DA:197,8
DA:198,9
DA:199,9
DA:200,9
DA:201,9
DA:202,9
DA:203,9
DA:204,9
DA:205,9
DA:206,9
DA:207,36
DA:208,36
DA:209,36
DA:210,36
DA:211,192
DA:212,192
DA:213,72
DA:214,72
DA:215,72
DA:216,72
DA:217,72
DA:218,72
DA:219,72
DA:220,192
DA:221,36
DA:222,9
DA:223,9
DA:224,9
DA:225,9
DA:226,9
DA:227,9
DA:228,9
DA:229,9
DA:230,9
DA:231,9
DA:232,9
DA:233,9
DA:234,9
DA:235,9
DA:236,9
DA:237,11
DA:238,27
DA:239,27
DA:240,10
DA:241,10
DA:242,10
DA:243,10
DA:244,10
DA:245,10
DA:246,80
DA:247,80
DA:248,80
DA:249,80
DA:250,80
DA:251,80
DA:252,10
DA:253,10
DA:254,10
DA:255,10
DA:256,10
DA:257,10
DA:258,10
DA:259,10
DA:260,10
DA:261,10
DA:262,10
DA:263,10
DA:264,10
DA:265,10
DA:266,10
DA:267,10
DA:268,10
DA:269,40
DA:270,60
DA:271,60
DA:272,60
DA:273,60
DA:274,60
DA:275,60
DA:276,40
DA:277,10
DA:278,10
DA:279,10
DA:280,10
DA:281,0
DA:282,0
DA:283,0
DA:284,10
DA:285,27
DA:286,27
DA:287,21
DA:288,21
DA:289,21
DA:290,59
DA:291,59
DA:292,59
DA:293,236
DA:294,236
DA:295,59
DA:296,59
DA:297,59
DA:298,59
DA:299,59
DA:300,59
DA:301,18
DA:302,18
DA:303,59
DA:304,41
DA:305,41
DA:306,41
DA:307,41
DA:308,21
DA:309,27
DA:310,27
DA:311,27
DA:312,3
DA:313,3
DA:314,3
DA:315,3
DA:316,3
DA:317,3
DA:318,3
DA:319,36
DA:320,36
DA:321,36
DA:322,36
DA:323,3
DA:324,3
DA:325,3
DA:326,3
DA:327,3
DA:328,3
DA:329,12
DA:330,12
DA:331,48
DA:332,36
DA:333,36
DA:334,16
DA:335,16
DA:336,16
DA:337,16
DA:338,36
DA:339,48
DA:340,12
DA:341,3
DA:342,3
DA:343,3
DA:344,3
DA:345,3
DA:346,3
DA:347,3
DA:348,3
DA:349,3
DA:350,3
DA:351,24
DA:352,24
DA:353,24
DA:354,20
DA:355,20
DA:356,24
DA:357,3
DA:358,3
DA:359,3
DA:360,3
DA:361,3
DA:362,3
DA:363,3
DA:364,3
DA:365,3
DA:366,3
DA:367,3
DA:368,2
DA:369,2
DA:370,2
DA:371,2
DA:372,2
DA:373,2
DA:374,2
DA:375,2
DA:376,2
DA:377,2
DA:378,2
DA:379,2
DA:380,2
DA:381,2
DA:382,1
DA:383,1
DA:384,1
DA:385,4
DA:386,4
DA:387,16
DA:388,12
DA:389,12
DA:390,12
DA:391,16
DA:392,4
DA:393,1
DA:394,1
DA:395,1
DA:396,1
DA:397,1
DA:398,1
DA:399,1
DA:400,1
DA:401,1
DA:402,1
DA:403,1
DA:404,1
DA:405,1
DA:406,1
DA:407,3
DA:408,27
DA:409,27
DA:410,18
DA:411,18
DA:412,113
DA:413,113
DA:414,820
DA:415,820
DA:416,318
DA:417,318
DA:418,318
DA:419,318
DA:420,318
DA:421,820
DA:422,502
DA:423,502
DA:424,820
DA:425,113
DA:426,18
DA:427,18
DA:428,72
DA:429,72
DA:430,72
DA:431,72
DA:432,72
DA:433,72
DA:434,72
DA:435,72
DA:436,72
DA:437,72
DA:438,72
DA:439,72
DA:440,372
DA:441,372
DA:442,372
DA:443,372
DA:444,372
DA:445,54
DA:446,54
DA:447,372
DA:448,372
DA:449,372
DA:450,72
DA:451,72
DA:452,18
DA:453,18
DA:454,18
DA:455,18
DA:456,18
DA:457,18
DA:458,18
DA:459,18
DA:460,18
DA:461,18
DA:462,18
DA:463,113
DA:464,820
DA:465,318
DA:466,318
DA:467,318
DA:468,318
DA:469,113
DA:470,18
DA:471,18
DA:472,18
DA:473,72
DA:474,72
DA:475,72
DA:476,72
DA:477,72
DA:478,72
DA:479,18
DA:480,18
DA:481,18
DA:482,18
DA:483,18
DA:484,18
DA:485,18
DA:486,18
DA:487,18
DA:488,18
DA:489,18
DA:490,27
DA:491,27
DA:492,9
DA:493,9
DA:494,9
DA:495,9
DA:496,9
DA:497,9
DA:498,9
DA:499,9
DA:500,54
DA:501,378
DA:502,378
DA:503,153
DA:504,153
DA:505,378
DA:506,54
DA:507,9
DA:508,9
DA:509,9
DA:510,9
DA:511,9
DA:512,9
DA:513,9
DA:514,9
DA:515,9
DA:516,9
DA:517,9
DA:518,9
DA:519,0
DA:520,0
DA:521,0
DA:522,0
DA:523,0
DA:524,0
DA:525,0
DA:526,0
DA:527,0
DA:528,0
DA:529,0
DA:530,0
DA:531,0
DA:532,0
DA:533,0
DA:534,0
DA:535,0
DA:536,0
DA:537,0
DA:538,0
DA:539,0
DA:540,0
DA:541,0
DA:542,0
DA:543,0
DA:544,0
DA:545,0
DA:546,0
DA:547,0
DA:548,0
DA:549,0
DA:550,0
DA:551,0
DA:552,0
DA:553,0
DA:554,0
DA:555,0
DA:556,0
DA:557,0
DA:558,0
DA:559,0
DA:560,0
DA:561,0
DA:562,0
DA:563,0
DA:564,9
DA:565,9
DA:566,9
DA:567,9
DA:568,27
DA:569,27
DA:570,9
DA:571,9
DA:572,54
DA:573,378
DA:574,378
DA:575,54
DA:576,9
DA:577,9
DA:578,27
DA:579,27
DA:580,27
DA:581,0
DA:582,0
DA:583,0
DA:584,0
DA:585,0
DA:586,0
DA:587,0
DA:588,0
DA:589,0
DA:590,0
DA:591,0
DA:592,0
DA:593,0
DA:594,0
DA:595,0
DA:596,0
DA:597,0
DA:598,0
DA:599,0
DA:600,0
DA:601,0
DA:602,0
DA:603,0
DA:604,0
DA:605,0
DA:606,0
DA:607,0
DA:608,0
DA:609,0
DA:610,0
DA:611,0
DA:612,27
DA:613,27
DA:614,27
DA:615,0
DA:616,0
DA:617,0
DA:618,0
DA:619,0
DA:620,0
DA:621,0
DA:622,0
DA:623,0
DA:624,0
DA:625,0
DA:626,0
DA:627,0
DA:628,0
DA:629,0
DA:630,0
DA:631,0
DA:632,0
DA:633,0
DA:634,0
DA:635,0
DA:636,0
DA:637,0
DA:638,0
DA:639,0
DA:640,0
DA:641,0
DA:642,0
DA:643,0
DA:644,0
DA:645,0
DA:646,0
DA:647,0
DA:648,0
DA:649,0
DA:650,0
DA:651,0
DA:652,0
DA:653,0
DA:654,0
DA:655,0
DA:656,0
DA:657,0
DA:658,27
DA:659,27
DA:660,0
DA:661,0
DA:662,0
DA:663,0
DA:664,0
DA:665,0
DA:666,0
DA:667,0
DA:668,0
DA:669,0
DA:670,0
DA:671,0
DA:672,0
DA:673,0
DA:674,0
DA:675,0
DA:676,0
DA:677,0
DA:678,0
DA:679,0
DA:680,0
DA:681,0
DA:682,0
DA:683,0
DA:684,0
DA:685,0
DA:686,0
DA:687,0
DA:688,0
DA:689,0
DA:690,0
DA:691,0
DA:692,0
DA:693,0
DA:694,0
DA:695,0
DA:696,0
DA:697,0
DA:698,0
DA:699,0
DA:700,0
DA:701,0
DA:702,0
DA:703,0
DA:704,0
DA:705,0
DA:706,0
DA:707,0
DA:708,0
DA:709,0
DA:710,0
DA:711,0
DA:712,0
DA:713,0
DA:714,0
DA:715,0
DA:716,0
DA:717,0
DA:718,0
DA:719,0
DA:720,0
DA:721,0
DA:722,0
DA:723,27
DA:724,27
DA:725,27
DA:726,0
DA:727,0
DA:728,0
DA:729,0
DA:730,0
DA:731,0
DA:732,27
DA:733,27
DA:734,27
DA:735,0
DA:736,0
DA:737,0
DA:738,0
DA:739,0
DA:740,27
LF:740
LH:542
BRDA:78,0,0,27
BRDA:81,1,0,27
BRDA:85,2,0,344
BRDA:90,3,0,9
BRDA:94,4,0,60
BRDA:96,5,0,335
BRDA:104,6,0,27
BRDA:113,7,0,27
BRDA:119,8,0,27
BRDA:143,9,0,27
BRDA:146,10,0,54
BRDA:149,11,0,4
BRDA:152,12,0,1
BRDA:155,13,0,1
BRDA:159,14,0,9
BRDA:164,15,0,22
BRDA:168,16,0,2
BRDA:173,17,0,11
BRDA:174,18,0,0
BRDA:178,19,0,2
BRDA:180,20,0,9
BRDA:185,21,0,1
BRDA:189,22,0,0
BRDA:194,23,0,8
BRDA:197,24,0,9
BRDA:206,25,0,36
BRDA:207,26,0,19
BRDA:207,27,0,17
BRDA:208,28,0,17
BRDA:208,29,0,19
BRDA:210,30,0,192
BRDA:212,31,0,72
BRDA:239,32,0,10
BRDA:260,33,0,0
BRDA:268,34,0,40
BRDA:269,35,0,60
BRDA:273,36,0,58
BRDA:280,37,0,0
BRDA:245,38,0,80
BRDA:247,39,0,0
BRDA:249,40,0,0
BRDA:250,41,0,420
BRDA:264,42,0,40
BRDA:264,43,0,212
BRDA:272,44,0,271
BRDA:278,45,0,40
BRDA:286,46,0,21
BRDA:289,47,0,59
BRDA:290,48,0,21
BRDA:290,49,0,38
BRDA:300,50,0,18
BRDA:303,51,0,41
BRDA:292,52,0,236
BRDA:298,53,0,236
BRDA:311,54,0,3
BRDA:328,55,0,12
BRDA:330,56,0,48
BRDA:331,57,0,36
BRDA:333,58,0,16
BRDA:335,59,0,8
BRDA:335,60,0,8
BRDA:367,61,0,2
BRDA:378,62,0,0
BRDA:381,63,0,1
BRDA:312,64,0,12
BRDA:315,65,0,101
BRDA:318,66,0,36
BRDA:321,67,0,123
BRDA:343,68,0,3
BRDA:344,69,0,12
BRDA:346,70,0,9
BRDA:346,71,0,30
BRDA:350,72,0,24
BRDA:352,73,0,1
BRDA:352,74,0,23
BRDA:353,75,0,3
BRDA:353,76,0,20
BRDA:356,77,0,9
BRDA:356,78,0,9
BRDA:355,79,0,95
BRDA:361,80,0,9
BRDA:365,81,0,12
BRDA:365,82,0,12
BRDA:368,83,0,2
BRDA:369,84,0,2
BRDA:372,85,0,2
BRDA:384,86,0,4
BRDA:386,87,0,16
BRDA:387,88,0,12
BRDA:388,89,0,6
BRDA:388,90,0,6
BRDA:389,91,0,8
BRDA:389,92,0,4
BRDA:395,93,0,5
BRDA:409,94,0,18
BRDA:411,95,0,113
BRDA:413,96,0,820
BRDA:415,97,0,318
BRDA:421,98,0,502
BRDA:427,99,0,72
BRDA:436,100,0,37
BRDA:436,101,0,35
BRDA:437,102,0,35
BRDA:437,103,0,37
BRDA:439,104,0,372
BRDA:444,105,0,54
BRDA:462,106,0,113
BRDA:463,107,0,820
BRDA:464,108,0,502
BRDA:464,109,0,318
BRDA:472,110,0,72
BRDA:478,111,0,0
BRDA:491,112,0,9
BRDA:492,113,0,0
BRDA:499,114,0,54
BRDA:500,115,0,378
BRDA:502,116,0,153
BRDA:569,117,0,9
BRDA:571,118,0,54
BRDA:572,119,0,378
BRDA:573,120,0,153
BRF:121
BRH:112
end_of_record
TN:
SF:src/crossword-ui.ts
FN:11,<instance_members_initializer>
FN:16,CrosswordUI
FN:22,render
FN:97,createCell
FN:189,startLongPress
FN:195,cancelLongPress
FN:202,cellEl.addEventListener.passive
FN:229,moveToNextCell
FN:254,moveToPrevCell
FN:277,update
FN:296,focusFirstCell
FNF:11
FNH:8
FNDA:30,<instance_members_initializer>
FNDA:30,CrosswordUI
FNDA:30,render
FNDA:729,createCell
FNDA:0,startLongPress
FNDA:0,cancelLongPress
FNDA:0,cellEl.addEventListener.passive
FNDA:4,moveToNextCell
FNDA:1,moveToPrevCell
FNDA:4,update
FNDA:1,focusFirstCell
DA:1,1
DA:2,1
DA:3,1
DA:4,1
DA:5,1
DA:6,1
DA:7,1
DA:8,1
DA:9,1
DA:10,1
DA:11,1
DA:12,30
DA:13,30
DA:14,30
DA:15,30
DA:16,30
DA:17,30
DA:18,30
DA:19,30
DA:20,30
DA:21,30
DA:22,30
DA:23,30
DA:24,30
DA:25,30
DA:26,30
DA:27,30
DA:28,30
DA:29,30
DA:30,30
DA:31,30
DA:32,30
DA:33,30
DA:34,30
DA:35,30
DA:36,30
DA:37,30
DA:38,30
DA:39,30
DA:40,30
DA:41,31
DA:42,31
DA:43,30
DA:44,30
DA:45,31
DA:46,30
DA:47,30
DA:48,147
DA:49,729
DA:50,729
DA:51,729
DA:52,729
DA:53,147
DA:54,30
DA:55,30
DA:56,30
DA:57,30
DA:58,30
DA:59,30
DA:60,30
DA:61,30
DA:62,30
DA:63,30
DA:64,30
DA:65,30
DA:66,30
DA:67,30
DA:68,30
DA:69,30
DA:70,30
DA:71,30
DA:72,30
DA:73,30
DA:74,30
DA:75,30
DA:76,30
DA:77,30
DA:78,30
DA:79,30
DA:80,1
DA:81,1
DA:82,1
DA:83,1
DA:84,1
DA:85,1
DA:86,1
DA:87,1
DA:88,1
DA:89,1
DA:90,1
DA:91,1
DA:92,30
DA:93,30
DA:94,30
DA:95,30
DA:96,30
DA:97,30
DA:98,729
DA:99,729
DA:100,729
DA:101,729
DA:102,2
DA:103,2
DA:104,2
DA:105,727
DA:106,727
DA:107,729
DA:108,729
DA:109,729
DA:110,729
DA:111,30
DA:112,30
DA:113,30
DA:114,30
DA:115,30
DA:116,727
DA:117,727
DA:118,727
DA:119,727
DA:120,727
DA:121,727
DA:122,727
DA:123,727
DA:124,727
DA:125,727
DA:126,727
DA:127,727
DA:128,727
DA:129,729
DA:130,1
DA:131,729
DA:132,1
DA:133,1
DA:134,727
DA:135,727
DA:136,3
DA:137,3
DA:138,3
DA:139,3
DA:140,3
DA:141,3
DA:142,3
DA:143,3
DA:144,3
DA:145,3
DA:146,3
DA:147,3
DA:148,3
DA:149,3
DA:150,3
DA:151,3
DA:152,3
DA:153,3
DA:154,727
DA:155,727
DA:156,727
DA:157,2
DA:158,1
DA:159,1
DA:160,1
DA:161,1
DA:162,1
DA:163,1
DA:164,0
DA:165,0
DA:166,0
DA:167,0
DA:168,0
DA:169,0
DA:170,0
DA:171,0
DA:172,0
DA:173,0
DA:174,0
DA:175,727
DA:176,727
DA:177,727
DA:178,5
DA:179,5
DA:180,5
DA:181,5
DA:182,5
DA:183,5
DA:184,727
DA:185,727
DA:186,727
DA:187,727
DA:188,727
DA:189,727
DA:190,0
DA:191,0
DA:192,0
DA:193,0
DA:194,727
DA:195,727
DA:196,0
DA:197,0
DA:198,0
DA:199,0
DA:200,0
DA:201,727
DA:202,727
DA:203,0
DA:204,727
DA:205,727
DA:206,727
DA:207,0
DA:208,727
DA:209,727
DA:210,727
DA:211,0
DA:212,727
DA:213,727
DA:214,727
DA:215,0
DA:216,727
DA:217,727
DA:218,727
DA:219,727
DA:220,1
DA:221,1
DA:222,727
DA:223,727
DA:224,727
DA:225,727
DA:226,727
DA:227,729
DA:228,30
DA:229,30
DA:230,4
DA:231,4
DA:232,4
DA:233,4
DA:234,4
DA:235,0
DA:236,4
DA:237,1
DA:238,4
DA:239,3
DA:240,3
DA:241,3
DA:242,0
DA:243,0
DA:244,0
DA:245,3
DA:246,4
DA:247,4
DA:248,4
DA:249,4
DA:250,4
DA:251,4
DA:252,4
DA:253,30
DA:254,30
DA:255,1
DA:256,1
DA:257,1
DA:258,1
DA:259,0
DA:260,1
DA:261,0
DA:262,1
DA:263,1
DA:264,1
DA:265,1
DA:266,1
DA:267,1
DA:268,1
DA:269,1
DA:270,1
DA:271,1
DA:272,1
DA:273,0
DA:274,0
DA:275,1
DA:276,30
DA:277,30
DA:278,4
DA:279,4
DA:280,4
DA:281,4
DA:282,100
DA:283,100
DA:284,100
DA:285,100
DA:286,100
DA:287,100
DA:288,100
DA:289,2
DA:290,100
DA:291,1
DA:292,1
DA:293,100
DA:294,4
DA:295,30
DA:296,30
DA:297,1
DA:298,1
DA:299,1
DA:300,30
LF:300
LH:268
BRDA:11,0,0,30
BRDA:16,1,0,30
BRDA:22,2,0,30
BRDA:40,3,0,31
BRDA:42,4,0,30
BRDA:47,5,0,147
BRDA:48,6,0,729
BRDA:79,7,0,1
BRDA:62,8,0,31
BRDA:63,9,0,31
BRDA:97,10,0,729
BRDA:101,11,0,2
BRDA:104,12,0,727
BRDA:107,13,0,725
BRDA:110,14,0,30
BRDA:115,15,0,727
BRDA:129,16,0,1
BRDA:131,17,0,726
BRDA:131,18,0,1
BRDA:133,19,0,727
BRDA:135,20,0,3
BRDA:137,21,0,0
BRDA:156,22,0,2
BRDA:157,23,0,1
BRDA:157,24,0,1
BRDA:163,25,0,0
BRDA:177,26,0,5
BRDA:219,27,0,1
BRDA:229,28,0,4
BRDA:234,29,0,0
BRDA:236,30,0,1
BRDA:238,31,0,3
BRDA:241,32,0,0
BRDA:254,33,0,1
BRDA:258,34,0,0
BRDA:260,35,0,0
BRDA:272,36,0,0
BRDA:277,37,0,4
BRDA:281,38,0,100
BRDA:282,39,0,95
BRDA:288,40,0,2
BRDA:290,41,0,98
BRDA:290,42,0,1
BRDA:296,43,0,1
BRDA:297,44,0,0
BRF:45
BRH:37
end_of_record
TN:
SF:src/game.ts
FN:28,<instance_members_initializer>
FN:39,<static_initializer>
FN:41,GameClient
FN:48,connectToStats
FN:52,statsWs.onmessage
FN:61,statsWs.onclose
FN:66,statsWs.onerror
FN:71,onHintUsed
FN:75,onMatchmakingTimeout
FN:79,clearMatchmakingTimer
FN:86,startMatchmakingTimer
FN:95,cancelMatchmaking
FN:103,createInitialState
FN:126,getWsUrl
FN:133,onStateChange
FN:139,updateState
FN:144,getState
FN:149,findMatch
FN:179,handleMatchmakingMessage
FN:216,connectToRoom
FN:242,handleGameMessage
FN:348,handleHintResponse
FN:371,send
FN:377,submitWords
FN:381,updateCell
FN:392,requestHint
FN:399,forfeit
FN:403,playAgain
FN:408,leaveRoom
FN:415,disconnect
FN:420,reset
FNF:31
FNH:12
FNDA:20,<instance_members_initializer>
FNDA:1,<static_initializer>
FNDA:20,GameClient
FNDA:20,connectToStats
FNDA:0,statsWs.onmessage
FNDA:0,statsWs.onclose
FNDA:0,statsWs.onerror
FNDA:1,onHintUsed
FNDA:1,onMatchmakingTimeout
FNDA:2,clearMatchmakingTimer
FNDA:0,startMatchmakingTimer
FNDA:2,cancelMatchmaking
FNDA:22,createInitialState
FNDA:20,getWsUrl
FNDA:4,onStateChange
FNDA:0,updateState
FNDA:17,getState
FNDA:0,findMatch
FNDA:0,handleMatchmakingMessage
FNDA:0,connectToRoom
FNDA:0,handleGameMessage
FNDA:0,handleHintResponse
FNDA:0,send
FNDA:0,submitWords
FNDA:0,updateCell
FNDA:0,requestHint
FNDA:0,forfeit
FNDA:0,playAgain
FNDA:0,leaveRoom
FNDA:0,disconnect
FNDA:0,reset
DA:1,1
DA:2,1
DA:3,1
DA:4,1
DA:5,1
DA:6,1
DA:7,1
DA:8,1
DA:9,1
DA:10,1
DA:11,1
DA:12,1
DA:13,1
DA:14,1
DA:15,1
DA:16,1
DA:17,1
DA:18,1
DA:19,1
DA:20,1
DA:21,1
DA:22,1
DA:23,1
DA:24,1
DA:25,1
DA:26,1
DA:27,1
DA:28,1
DA:29,20
DA:30,20
DA:31,20
DA:32,20
DA:33,20
DA:34,20
DA:35,20
DA:36,20
DA:37,20
DA:38,20
DA:39,20
DA:40,20
DA:41,20
DA:42,20
DA:43,20
DA:44,20
DA:45,20
DA:46,20
DA:47,20
DA:48,20
DA:49,20
DA:50,20
DA:51,20
DA:52,20
DA:53,0
DA:54,0
DA:55,0
DA:56,0
DA:57,0
DA:58,0
DA:59,0
DA:60,20
DA:61,20
DA:62,0
DA:63,0
DA:64,0
DA:65,20
DA:66,20
DA:67,0
DA:68,0
DA:69,20
DA:70,20
DA:71,20
DA:72,1
DA:73,1
DA:74,20
DA:75,20
DA:76,1
DA:77,1
DA:78,20
DA:79,20
DA:80,2
DA:81,0
DA:82,0
DA:83,0
DA:84,2
DA:85,20
DA:86,20
DA:87,0
DA:88,0
DA:89,0
DA:90,0
DA:91,0
DA:92,0
DA:93,0
DA:94,20
DA:95,20
DA:96,2
DA:97,2
DA:98,2
DA:99,2
DA:100,2
DA:101,2
DA:102,20
DA:103,20
DA:104,22
DA:105,22
DA:106,22
DA:107,22
DA:108,22
DA:109,22
DA:110,22
DA:111,22
DA:112,22
DA:113,22
DA:114,22
DA:115,22
DA:116,22
DA:117,22
DA:118,22
DA:119,22
DA:120,22
DA:121,22
DA:122,22
DA:123,22
DA:124,22
DA:125,20
DA:126,20
DA:127,20
DA:128,0
DA:129,0
DA:130,20
DA:131,20
DA:132,20
DA:133,20
DA:134,4
DA:135,4
DA:136,4
DA:137,4
DA:138,20
DA:139,20
DA:140,0
DA:141,0
DA:142,0
DA:143,20
DA:144,20
DA:145,17
DA:146,17
DA:147,20
DA:148,20
DA:149,20
DA:150,0
DA:151,0
DA:152,0
DA:153,0
DA:154,0
DA:155,0
DA:156,0
DA:157,0
DA:158,0
DA:159,0
DA:160,0
DA:161,0
DA:162,0
DA:163,0
DA:164,0
DA:165,0
DA:166,0
DA:167,0
DA:168,0
DA:169,0
DA:170,0
DA:171,0
DA:172,0
DA:173,0
DA:174,0
DA:175,0
DA:176,0
DA:177,0
DA:178,20
DA:179,20
DA:180,0
DA:181,0
DA:182,0
DA:183,0
DA:184,0
DA:185,0
DA:186,0
DA:187,0
DA:188,0
DA:189,0
DA:190,0
DA:191,0
DA:192,0
DA:193,0
DA:194,0
DA:195,0
DA:196,0
DA:197,0
DA:198,0
DA:199,0
DA:200,0
DA:201,0
DA:202,0
DA:203,0
DA:204,0
DA:205,0
DA:206,0
DA:207,0
DA:208,0
DA:209,0
DA:210,0
DA:211,0
DA:212,0
DA:213,0
DA:214,20
DA:215,20
DA:216,20
DA:217,0
DA:218,0
DA:219,0
DA:220,0
DA:221,0
DA:222,0
DA:223,0
DA:224,0
DA:225,0
DA:226,0
DA:227,0
DA:228,0
DA:229,0
DA:230,0
DA:231,0
DA:232,0
DA:233,0
DA:234,0
DA:235,0
DA:236,0
DA:237,0
DA:238,0
DA:239,0
DA:240,0
DA:241,20
DA:242,20
DA:243,0
DA:244,0
DA:245,0
DA:246,0
DA:247,0
DA:248,0
DA:249,0
DA:250,0
DA:251,0
DA:252,0
DA:253,0
DA:254,0
DA:255,0
DA:256,0
DA:257,0
DA:258,0
DA:259,0
DA:260,0
DA:261,0
DA:262,0
DA:263,0
DA:264,0
DA:265,0
DA:266,0
DA:267,0
DA:268,0
DA:269,0
DA:270,0
DA:271,0
DA:272,0
DA:273,0
DA:274,0
DA:275,0
DA:276,0
DA:277,0
DA:278,0
DA:279,0
DA:280,0
DA:281,0
DA:282,0
DA:283,0
DA:284,0
DA:285,0
DA:286,0
DA:287,0
DA:288,0
DA:289,0
DA:290,0
DA:291,0
DA:292,0
DA:293,0
DA:294,0
DA:295,0
DA:296,0
DA:297,0
DA:298,0
DA:299,0
DA:300,0
DA:301,0
DA:302,0
DA:303,0
DA:304,0
DA:305,0
DA:306,0
DA:307,0
DA:308,0
DA:309,0
DA:310,0
DA:311,0
DA:312,0
DA:313,0
DA:314,0
DA:315,0
DA:316,0
DA:317,0
DA:318,0
DA:319,0
DA:320,0
DA:321,0
DA:322,0
DA:323,0
DA:324,0
DA:325,0
DA:326,0
DA:327,0
DA:328,0
DA:329,0
DA:330,0
DA:331,0
DA:332,0
DA:333,0
DA:334,0
DA:335,0
DA:336,0
DA:337,0
DA:338,0
DA:339,0
DA:340,0
DA:341,0
DA:342,0
DA:343,0
DA:344,0
DA:345,0
DA:346,0
DA:347,20
DA:348,20
DA:349,0
DA:350,0
DA:351,0
DA:352,0
DA:353,0
DA:354,0
DA:355,0
DA:356,0
DA:357,0
DA:358,0
DA:359,0
DA:360,0
DA:361,0
DA:362,0
DA:363,0
DA:364,0
DA:365,0
DA:366,0
DA:367,0
DA:368,0
DA:369,0
DA:370,20
DA:371,20
DA:372,0
DA:373,0
DA:374,0
DA:375,0
DA:376,20
DA:377,20
DA:378,0
DA:379,0
DA:380,20
DA:381,20
DA:382,0
DA:383,0
DA:384,0
DA:385,0
DA:386,0
DA:387,0
DA:388,0
DA:389,0
DA:390,0
DA:391,20
DA:392,20
DA:393,0
DA:394,0
DA:395,0
DA:396,0
DA:397,0
DA:398,20
DA:399,20
DA:400,0
DA:401,0
DA:402,20
DA:403,20
DA:404,0
DA:405,0
DA:406,0
DA:407,20
DA:408,20
DA:409,0
DA:410,0
DA:411,0
DA:412,0
DA:413,0
DA:414,20
DA:415,20
DA:416,0
DA:417,0
DA:418,0
DA:419,20
DA:420,20
DA:421,0
DA:422,0
DA:423,0
DA:424,0
DA:425,20
LF:425
LH:150
BRDA:28,0,0,20
BRDA:39,1,0,1
BRDA:41,2,0,20
BRDA:48,3,0,20
BRDA:71,4,0,1
BRDA:75,5,0,1
BRDA:79,6,0,2
BRDA:80,7,0,0
BRDA:95,8,0,2
BRDA:97,9,0,0
BRDA:103,10,0,22
BRDA:126,11,0,20
BRDA:127,12,0,0
BRDA:133,13,0,4
BRDA:136,14,0,1
BRDA:144,15,0,17
BRF:16
BRH:13
end_of_record
TN:
SF:src/main.ts
FN:1,(empty-report)
FNF:1
FNH:0
FNDA:0,(empty-report)
DA:1,0
DA:2,0
DA:3,0
DA:4,0
DA:5,0
DA:6,0
DA:7,0
DA:8,0
DA:9,0
DA:10,0
DA:11,0
DA:12,0
DA:13,0
DA:14,0
DA:15,0
DA:16,0
DA:17,0
DA:18,0
DA:19,0
DA:20,0
DA:21,0
DA:22,0
DA:23,0
DA:24,0
DA:25,0
DA:26,0
DA:27,0
DA:28,0
DA:29,0
DA:30,0
DA:31,0
DA:32,0
DA:33,0
DA:34,0
DA:35,0
DA:36,0
DA:37,0
DA:38,0
DA:39,0
DA:40,0
DA:41,0
DA:42,0
DA:43,0
DA:44,0
DA:45,0
DA:46,0
DA:47,0
DA:48,0
DA:49,0
DA:50,0
DA:51,0
DA:52,0
DA:53,0
DA:54,0
DA:55,0
DA:56,0
DA:57,0
DA:58,0
DA:59,0
DA:60,0
DA:61,0
DA:62,0
DA:63,0
DA:64,0
DA:65,0
DA:66,0
DA:67,0
DA:68,0
DA:69,0
DA:70,0
DA:71,0
DA:72,0
DA:73,0
DA:74,0
DA:75,0
DA:76,0
DA:77,0
DA:78,0
DA:79,0
DA:80,0
DA:81,0
DA:82,0
DA:83,0
DA:84,0
DA:85,0
DA:86,0
DA:87,0
DA:88,0
DA:89,0
DA:90,0
DA:91,0
DA:92,0
DA:93,0
DA:94,0
DA:95,0
DA:96,0
DA:97,0
DA:98,0
DA:99,0
DA:100,0
DA:101,0
DA:102,0
DA:103,0
DA:104,0
DA:105,0
DA:106,0
DA:107,0
DA:108,0
DA:109,0
DA:110,0
DA:111,0
DA:112,0
DA:113,0
DA:114,0
DA:115,0
DA:116,0
DA:117,0
DA:118,0
DA:119,0
DA:120,0
DA:121,0
DA:122,0
DA:123,0
DA:124,0
DA:125,0
DA:126,0
DA:127,0
DA:128,0
DA:129,0
DA:130,0
DA:131,0
DA:132,0
DA:133,0
DA:134,0
DA:135,0
DA:136,0
DA:137,0
DA:138,0
DA:139,0
DA:140,0
DA:141,0
DA:142,0
DA:143,0
DA:144,0
DA:145,0
DA:146,0
DA:147,0
DA:148,0
DA:149,0
DA:150,0
DA:151,0
DA:152,0
DA:153,0
DA:154,0
DA:155,0
DA:156,0
DA:157,0
DA:158,0
DA:159,0
DA:160,0
DA:161,0
DA:162,0
DA:163,0
DA:164,0
DA:165,0
DA:166,0
DA:167,0
DA:168,0
DA:169,0
DA:170,0
DA:171,0
DA:172,0
DA:173,0
DA:174,0
DA:175,0
DA:176,0
DA:177,0
DA:178,0
DA:179,0
DA:180,0
DA:181,0
DA:182,0
DA:183,0
DA:184,0
DA:185,0
DA:186,0
DA:187,0
DA:188,0
DA:189,0
DA:190,0
DA:191,0
DA:192,0
DA:193,0
DA:194,0
DA:195,0
DA:196,0
DA:197,0
DA:198,0
DA:199,0
DA:200,0
DA:201,0
DA:202,0
DA:203,0
DA:204,0
DA:205,0
DA:206,0
DA:207,0
DA:208,0
DA:209,0
DA:210,0
DA:211,0
DA:212,0
DA:213,0
DA:214,0
DA:215,0
DA:216,0
DA:217,0
DA:218,0
DA:219,0
DA:220,0
DA:221,0
DA:222,0
DA:223,0
DA:224,0
DA:225,0
DA:226,0
DA:227,0
DA:228,0
DA:229,0
DA:230,0
DA:231,0
DA:232,0
DA:233,0
DA:234,0
DA:235,0
DA:236,0
DA:237,0
DA:238,0
DA:239,0
DA:240,0
DA:241,0
DA:242,0
DA:243,0
DA:244,0
DA:245,0
DA:246,0
DA:247,0
DA:248,0
DA:249,0
DA:250,0
DA:251,0
DA:252,0
DA:253,0
DA:254,0
DA:255,0
DA:256,0
DA:257,0
DA:258,0
DA:259,0
DA:260,0
DA:261,0
DA:262,0
DA:263,0
DA:264,0
DA:265,0
DA:266,0
DA:267,0
DA:268,0
DA:269,0
DA:270,0
DA:271,0
DA:272,0
DA:273,0
DA:274,0
DA:275,0
DA:276,0
DA:277,0
DA:278,0
DA:279,0
DA:280,0
DA:281,0
DA:282,0
DA:283,0
DA:284,0
DA:285,0
DA:286,0
DA:287,0
DA:288,0
DA:289,0
DA:290,0
DA:291,0
DA:292,0
DA:293,0
DA:294,0
DA:295,0
DA:296,0
DA:297,0
DA:298,0
DA:299,0
DA:300,0
DA:301,0
DA:302,0
DA:303,0
DA:304,0
DA:305,0
DA:306,0
DA:307,0
DA:308,0
DA:309,0
DA:310,0
DA:311,0
DA:312,0
DA:313,0
DA:314,0
DA:315,0
DA:316,0
DA:317,0
DA:318,0
DA:319,0
DA:320,0
DA:321,0
DA:322,0
DA:323,0
DA:324,0
DA:325,0
DA:326,0
DA:327,0
DA:328,0
DA:329,0
DA:330,0
DA:331,0
DA:332,0
DA:333,0
DA:334,0
DA:335,0
DA:336,0
DA:337,0
DA:338,0
DA:339,0
DA:340,0
DA:341,0
DA:342,0
DA:343,0
DA:344,0
DA:345,0
DA:346,0
DA:347,0
DA:348,0
DA:349,0
DA:350,0
DA:351,0
DA:352,0
DA:353,0
DA:354,0
DA:355,0
DA:356,0
DA:357,0
DA:358,0
DA:359,0
DA:360,0
DA:361,0
DA:362,0
DA:363,0
DA:364,0
DA:365,0
DA:366,0
DA:367,0
DA:368,0
DA:369,0
DA:370,0
DA:371,0
DA:372,0
DA:373,0
DA:374,0
DA:375,0
DA:376,0
DA:377,0
DA:378,0
DA:379,0
DA:380,0
DA:381,0
DA:382,0
DA:383,0
DA:384,0
DA:385,0
DA:386,0
DA:387,0
DA:388,0
DA:389,0
DA:390,0
DA:391,0
DA:392,0
DA:393,0
DA:394,0
DA:395,0
DA:396,0
DA:397,0
DA:398,0
DA:399,0
DA:400,0
DA:401,0
DA:402,0
DA:403,0
DA:404,0
DA:405,0
DA:406,0
DA:407,0
DA:408,0
DA:409,0
DA:410,0
DA:411,0
DA:412,0
DA:413,0
DA:414,0
DA:415,0
DA:416,0
DA:417,0
DA:418,0
DA:419,0
DA:420,0
DA:421,0
DA:422,0
DA:423,0
DA:424,0
DA:425,0
DA:426,0
DA:427,0
DA:428,0
DA:429,0
DA:430,0
DA:431,0
DA:432,0
DA:433,0
DA:434,0
DA:435,0
DA:436,0
DA:437,0
DA:438,0
DA:439,0
DA:440,0
DA:441,0
DA:442,0
DA:443,0
DA:444,0
DA:445,0
DA:446,0
DA:447,0
DA:448,0
DA:449,0
DA:450,0
DA:451,0
DA:452,0
DA:453,0
DA:454,0
DA:455,0
DA:456,0
DA:457,0
DA:458,0
DA:459,0
DA:460,0
DA:461,0
DA:462,0
DA:463,0
DA:464,0
DA:465,0
DA:466,0
DA:467,0
DA:468,0
DA:469,0
DA:470,0
DA:471,0
DA:472,0
DA:473,0
DA:474,0
DA:475,0
DA:476,0
DA:477,0
DA:478,0
DA:479,0
DA:480,0
DA:481,0
DA:482,0
DA:483,0
DA:484,0
DA:485,0
DA:486,0
DA:487,0
DA:488,0
DA:489,0
DA:490,0
DA:491,0
DA:492,0
DA:493,0
DA:494,0
DA:495,0
DA:496,0
DA:497,0
DA:498,0
DA:499,0
DA:500,0
DA:501,0
DA:502,0
DA:503,0
DA:504,0
DA:505,0
DA:506,0
DA:507,0
DA:508,0
DA:509,0
DA:510,0
DA:511,0
DA:512,0
DA:513,0
DA:514,0
DA:515,0
DA:516,0
DA:517,0
DA:518,0
DA:519,0
DA:520,0
DA:521,0
DA:522,0
DA:523,0
DA:524,0
DA:525,0
DA:526,0
DA:527,0
DA:528,0
DA:529,0
DA:530,0
DA:531,0
DA:532,0
DA:533,0
DA:534,0
DA:535,0
DA:536,0
DA:537,0
DA:538,0
DA:539,0
DA:540,0
DA:541,0
DA:542,0
DA:543,0
DA:544,0
DA:545,0
DA:546,0
DA:547,0
DA:548,0
DA:549,0
DA:550,0
DA:551,0
DA:552,0
DA:553,0
DA:554,0
DA:555,0
DA:556,0
DA:557,0
DA:558,0
DA:559,0
DA:560,0
DA:561,0
DA:562,0
DA:563,0
DA:564,0
DA:565,0
DA:566,0
DA:567,0
DA:568,0
DA:569,0
DA:570,0
DA:571,0
DA:572,0
DA:573,0
DA:574,0
DA:575,0
DA:576,0
DA:577,0
DA:578,0
DA:579,0
DA:580,0
DA:581,0
DA:582,0
DA:583,0
DA:584,0
DA:585,0
DA:586,0
DA:587,0
DA:588,0
DA:589,0
DA:590,0
DA:591,0
DA:592,0
DA:593,0
DA:594,0
DA:595,0
DA:596,0
DA:597,0
DA:598,0
DA:599,0
DA:600,0
DA:601,0
DA:602,0
DA:603,0
DA:604,0
DA:605,0
DA:606,0
DA:607,0
DA:608,0
DA:609,0
DA:610,0
DA:611,0
DA:612,0
DA:613,0
DA:614,0
DA:615,0
DA:616,0
DA:617,0
DA:618,0
DA:619,0
DA:620,0
DA:621,0
DA:622,0
DA:623,0
DA:624,0
DA:625,0
DA:626,0
DA:627,0
DA:628,0
DA:629,0
DA:630,0
DA:631,0
DA:632,0
DA:633,0
DA:634,0
DA:635,0
DA:636,0
DA:637,0
DA:638,0
DA:639,0
DA:640,0
DA:641,0
DA:642,0
DA:643,0
DA:644,0
DA:645,0
DA:646,0
DA:647,0
DA:648,0
DA:649,0
DA:650,0
DA:651,0
DA:652,0
DA:653,0
DA:654,0
DA:655,0
DA:656,0
DA:657,0
DA:658,0
DA:659,0
DA:660,0
DA:661,0
DA:662,0
DA:663,0
DA:664,0
DA:665,0
DA:666,0
DA:667,0
DA:668,0
DA:669,0
DA:670,0
DA:671,0
DA:672,0
DA:673,0
DA:674,0
DA:675,0
DA:676,0
DA:677,0
DA:678,0
DA:679,0
DA:680,0
DA:681,0
DA:682,0
DA:683,0
DA:684,0
DA:685,0
DA:686,0
DA:687,0
DA:688,0
DA:689,0
DA:690,0
DA:691,0
DA:692,0
DA:693,0
DA:694,0
DA:695,0
DA:696,0
DA:697,0
DA:698,0
DA:699,0
DA:700,0
DA:701,0
DA:702,0
DA:703,0
DA:704,0
DA:705,0
DA:706,0
DA:707,0
DA:708,0
DA:709,0
DA:710,0
DA:711,0
DA:712,0
DA:713,0
DA:714,0
DA:715,0
DA:716,0
DA:717,0
DA:718,0
DA:719,0
DA:720,0
DA:721,0
DA:722,0
DA:723,0
DA:724,0
DA:725,0
DA:726,0
DA:727,0
DA:728,0
DA:729,0
DA:730,0
DA:731,0
DA:732,0
DA:733,0
DA:734,0
DA:735,0
DA:736,0
DA:737,0
DA:738,0
DA:739,0
DA:740,0
DA:741,0
DA:742,0
DA:743,0
DA:744,0
DA:745,0
DA:746,0
DA:747,0
DA:748,0
DA:749,0
DA:750,0
DA:751,0
DA:752,0
DA:753,0
DA:754,0
DA:755,0
DA:756,0
DA:757,0
DA:758,0
DA:759,0
DA:760,0
DA:761,0
DA:762,0
DA:763,0
DA:764,0
DA:765,0
DA:766,0
DA:767,0
DA:768,0
DA:769,0
DA:770,0
DA:771,0
DA:772,0
DA:773,0
DA:774,0
DA:775,0
DA:776,0
DA:777,0
DA:778,0
DA:779,0
DA:780,0
DA:781,0
DA:782,0
DA:783,0
DA:784,0
DA:785,0
DA:786,0
DA:787,0
DA:788,0
DA:789,0
DA:790,0
DA:791,0
DA:792,0
DA:793,0
DA:794,0
DA:795,0
DA:796,0
DA:797,0
DA:798,0
DA:799,0
DA:800,0
DA:801,0
DA:802,0
DA:803,0
DA:804,0
DA:805,0
DA:806,0
DA:807,0
DA:808,0
DA:809,0
DA:810,0
DA:811,0
DA:812,0
DA:813,0
DA:814,0
DA:815,0
DA:816,0
DA:817,0
DA:818,0
DA:819,0
DA:820,0
DA:821,0
DA:822,0
DA:823,0
DA:824,0
DA:825,0
DA:826,0
DA:827,0
DA:828,0
DA:829,0
DA:830,0
DA:831,0
DA:832,0
DA:833,0
DA:834,0
DA:835,0
DA:836,0
DA:837,0
DA:838,0
DA:839,0
DA:840,0
DA:841,0
DA:842,0
DA:843,0
DA:844,0
DA:845,0
DA:846,0
DA:847,0
DA:848,0
DA:849,0
DA:850,0
DA:851,0
DA:852,0
DA:853,0
DA:854,0
DA:855,0
DA:856,0
DA:857,0
DA:858,0
DA:859,0
DA:860,0
DA:861,0
DA:862,0
DA:863,0
DA:864,0
DA:865,0
DA:866,0
DA:867,0
DA:868,0
DA:869,0
DA:870,0
DA:871,0
DA:872,0
DA:873,0
DA:874,0
DA:875,0
DA:876,0
DA:877,0
DA:878,0
DA:879,0
DA:880,0
DA:881,0
DA:882,0
DA:883,0
DA:884,0
DA:885,0
DA:886,0
DA:887,0
DA:888,0
DA:889,0
DA:890,0
DA:891,0
DA:892,0
DA:893,0
DA:894,0
DA:895,0
DA:896,0
DA:897,0
DA:898,0
DA:899,0
DA:900,0
DA:901,0
DA:902,0
DA:903,0
DA:904,0
DA:905,0
DA:906,0
DA:907,0
DA:908,0
DA:909,0
DA:910,0
DA:911,0
DA:912,0
DA:913,0
DA:914,0
DA:915,0
DA:916,0
DA:917,0
DA:918,0
DA:919,0
DA:920,0
DA:921,0
DA:922,0
DA:923,0
DA:924,0
DA:925,0
DA:926,0
DA:927,0
DA:928,0
DA:929,0
DA:930,0
DA:931,0
DA:932,0
DA:933,0
DA:934,0
DA:935,0
DA:936,0
DA:937,0
DA:938,0
DA:939,0
DA:940,0
DA:941,0
DA:942,0
DA:943,0
DA:944,0
DA:945,0
DA:946,0
DA:947,0
DA:948,0
DA:949,0
DA:950,0
DA:951,0
DA:952,0
DA:953,0
DA:954,0
DA:955,0
DA:956,0
DA:957,0
DA:958,0
DA:959,0
DA:960,0
DA:961,0
DA:962,0
DA:963,0
DA:964,0
DA:965,0
DA:966,0
DA:967,0
DA:968,0
DA:969,0
DA:970,0
DA:971,0
DA:972,0
DA:973,0
DA:974,0
DA:975,0
DA:976,0
DA:977,0
DA:978,0
DA:979,0
DA:980,0
DA:981,0
DA:982,0
DA:983,0
DA:984,0
DA:985,0
DA:986,0
DA:987,0
DA:988,0
DA:989,0
DA:990,0
DA:991,0
DA:992,0
DA:993,0
DA:994,0
DA:995,0
DA:996,0
DA:997,0
DA:998,0
DA:999,0
DA:1000,0
DA:1001,0
DA:1002,0
DA:1003,0
DA:1004,0
DA:1005,0
DA:1006,0
DA:1007,0
DA:1008,0
DA:1009,0
DA:1010,0
DA:1011,0
DA:1012,0
DA:1013,0
DA:1014,0
DA:1015,0
LF:1015
LH:0
BRDA:1,0,0,0
BRF:1
BRH:0
end_of_record
